"../../../Engine/Content/EditorBlueprintResources/StandardMacros.uasset" 0
"D:/WholeBackUp/School/AppsWProjects/Unreal Engine 4/Projects/Sandbox/Content/FirstPerson/Character/Mesh/SK_Mannequin_Arms_Skeleton.uasset" 1
"D:/WholeBackUp/School/AppsWProjects/Unreal Engine 4/Projects/Sandbox/Content/FirstPerson/Animations/FirstPerson_Run.uasset" 2
"D:/WholeBackUp/School/AppsWProjects/Unreal Engine 4/Projects/Sandbox/Content/FirstPerson/Animations/FirstPerson_JumpStart.uasset" 3
"D:/WholeBackUp/School/AppsWProjects/Unreal Engine 4/Projects/Sandbox/Content/FirstPerson/Animations/FirstPerson_JumpLoop.uasset" 4
"D:/WholeBackUp/School/AppsWProjects/Unreal Engine 4/Projects/Sandbox/Content/FirstPerson/Animations/FirstPerson_JumpEnd.uasset" 5
"D:/WholeBackUp/School/AppsWProjects/Unreal Engine 4/Projects/Sandbox/Content/FirstPerson/Animations/FirstPerson_Idle.uasset" 6
"D:/WholeBackUp/School/AppsWProjects/Unreal Engine 4/Projects/Sandbox/Content/FirstPerson/Animations/FirstPerson_AnimBP.uasset" 7
"D:/WholeBackUp/School/AppsWProjects/Unreal Engine 4/Projects/Sandbox/Content/FirstPerson/Character/Mesh/FirstPersonAnimBlueprint_Copy.uasset" 8
"D:/WholeBackUp/School/AppsWProjects/Unreal Engine 4/Projects/Sandbox/Content/FirstPerson/Character/Textures/UE4_LOGO_CARD.uasset" 9
"D:/WholeBackUp/School/AppsWProjects/Unreal Engine 4/Projects/Sandbox/Content/FirstPerson/FPWeapon/Materials/MaterialLayers/ML_Plastic_Shiny_Beige_LOGO.uasset" 10
"D:/WholeBackUp/School/AppsWProjects/Unreal Engine 4/Projects/Sandbox/Content/FirstPerson/FPWeapon/Materials/MaterialLayers/T_ML_FineRubber.uasset" 11
"D:/WholeBackUp/School/AppsWProjects/Unreal Engine 4/Projects/Sandbox/Content/FirstPerson/FPWeapon/Mesh/SK_FPGun_PhysicsAsset.uasset" 12
"D:/WholeBackUp/School/AppsWProjects/Unreal Engine 4/Projects/Sandbox/Content/FirstPersonBP/FirstPersonOverview.uasset" 13
"D:/WholeBackUp/School/AppsWProjects/Unreal Engine 4/Projects/Sandbox/Content/Geometry/Meshes/CubeMaterial.uasset" 14
"D:/WholeBackUp/School/AppsWProjects/Unreal Engine 4/Projects/Sandbox/Content/Geometry/Meshes/1M_Cube_Chamfer.uasset" 15
"D:/WholeBackUp/School/AppsWProjects/Unreal Engine 4/Projects/Sandbox/Content/Geometry/Meshes/TemplateFloor.uasset" 16
"D:/WholeBackUp/School/AppsWProjects/Unreal Engine 4/Projects/Sandbox/Content/StarterContent/Materials/M_Basic_Wall.uasset" 17
"D:/WholeBackUp/School/AppsWProjects/Unreal Engine 4/Projects/Sandbox/Content/StarterContent/Architecture/Pillar_50x500.uasset" 18
"D:/WholeBackUp/School/AppsWProjects/Unreal Engine 4/Projects/Sandbox/Content/StarterContent/Architecture/Wall_400x300.uasset" 19
"D:/WholeBackUp/School/AppsWProjects/Unreal Engine 4/Projects/Sandbox/Content/StarterContent/Architecture/Wall_400x400.uasset" 20
"D:/WholeBackUp/School/AppsWProjects/Unreal Engine 4/Projects/Sandbox/Content/StarterContent/Architecture/Wall_500x500.uasset" 21
"D:/WholeBackUp/School/AppsWProjects/Unreal Engine 4/Projects/Sandbox/Content/StarterContent/Architecture/Wall_Door_400x400.uasset" 22
"D:/WholeBackUp/School/AppsWProjects/Unreal Engine 4/Projects/Sandbox/Content/StarterContent/Architecture/Wall_Window_400x400.uasset" 23
"D:/WholeBackUp/School/AppsWProjects/Unreal Engine 4/Projects/Sandbox/Content/StarterContent/Audio/Collapse01.uasset" 24
"D:/WholeBackUp/School/AppsWProjects/Unreal Engine 4/Projects/Sandbox/Content/StarterContent/Audio/Explosion02.uasset" 25
"D:/WholeBackUp/School/AppsWProjects/Unreal Engine 4/Projects/Sandbox/Content/StarterContent/Audio/Light01.uasset" 26
"D:/WholeBackUp/School/AppsWProjects/Unreal Engine 4/Projects/Sandbox/Content/StarterContent/Audio/Light01_Cue.uasset" 27
"D:/WholeBackUp/School/AppsWProjects/Unreal Engine 4/Projects/Sandbox/Content/StarterContent/Audio/Light02.uasset" 28
"D:/WholeBackUp/School/AppsWProjects/Unreal Engine 4/Projects/Sandbox/Content/StarterContent/Audio/Light02_Cue.uasset" 29
"D:/WholeBackUp/School/AppsWProjects/Unreal Engine 4/Projects/Sandbox/Content/StarterContent/Audio/Smoke01.uasset" 30
"D:/WholeBackUp/School/AppsWProjects/Unreal Engine 4/Projects/Sandbox/Content/StarterContent/Audio/Starter_Birds01.uasset" 31
"D:/WholeBackUp/School/AppsWProjects/Unreal Engine 4/Projects/Sandbox/Content/StarterContent/Audio/Starter_Music01.uasset" 32
"D:/WholeBackUp/School/AppsWProjects/Unreal Engine 4/Projects/Sandbox/Content/StarterContent/Audio/Starter_Wind06.uasset" 33
"D:/WholeBackUp/School/AppsWProjects/Unreal Engine 4/Projects/Sandbox/Content/StarterContent/Audio/Steam01.uasset" 34
"D:/WholeBackUp/School/AppsWProjects/Unreal Engine 4/Projects/Sandbox/Content/StarterContent/Audio/Explosion_Cue.uasset" 35
"D:/WholeBackUp/School/AppsWProjects/Unreal Engine 4/Projects/Sandbox/Content/StarterContent/Textures/T_Smoke_Tiled_D.uasset" 36
"D:/WholeBackUp/School/AppsWProjects/Unreal Engine 4/Projects/Sandbox/Content/StarterContent/Textures/T_Smoke_SubUV.uasset" 37
"D:/WholeBackUp/School/AppsWProjects/Unreal Engine 4/Projects/Sandbox/Content/StarterContent/Particles/Materials/M_smoke_subUV.uasset" 38
"../../../Engine/Content/Functions/Engine_MaterialFunctions01/Gradient/RadialGradient.uasset" 39
"D:/WholeBackUp/School/AppsWProjects/Unreal Engine 4/Projects/Sandbox/Content/StarterContent/Particles/Materials/M_radial_ramp.uasset" 40
"D:/WholeBackUp/School/AppsWProjects/Unreal Engine 4/Projects/Sandbox/Content/StarterContent/Particles/Materials/m_flare_01.uasset" 41
"D:/WholeBackUp/School/AppsWProjects/Unreal Engine 4/Projects/Sandbox/Content/StarterContent/Textures/T_Explosion_SubUV.uasset" 42
"D:/WholeBackUp/School/AppsWProjects/Unreal Engine 4/Projects/Sandbox/Content/StarterContent/Particles/Materials/M_explosion_subUV.uasset" 43
"D:/WholeBackUp/School/AppsWProjects/Unreal Engine 4/Projects/Sandbox/Content/StarterContent/Textures/T_Burst_M.uasset" 44
"D:/WholeBackUp/School/AppsWProjects/Unreal Engine 4/Projects/Sandbox/Content/StarterContent/Particles/Materials/M_Burst.uasset" 45
"D:/WholeBackUp/School/AppsWProjects/Unreal Engine 4/Projects/Sandbox/Content/StarterContent/Particles/P_Explosion.uasset" 46
"D:/WholeBackUp/School/AppsWProjects/Unreal Engine 4/Projects/Sandbox/Content/StarterContent/Blueprints/Blueprint_Effect_Explosion.uasset" 47
"D:/WholeBackUp/School/AppsWProjects/Unreal Engine 4/Projects/Sandbox/Content/StarterContent/Audio/Fire_Sparks01.uasset" 48
"D:/WholeBackUp/School/AppsWProjects/Unreal Engine 4/Projects/Sandbox/Content/StarterContent/Particles/Materials/M_Radial_Gradient.uasset" 49
"D:/WholeBackUp/School/AppsWProjects/Unreal Engine 4/Projects/Sandbox/Content/StarterContent/Textures/T_Water_N.uasset" 50
"D:/WholeBackUp/School/AppsWProjects/Unreal Engine 4/Projects/Sandbox/Content/StarterContent/Particles/Materials/M_Heat_Distortion.uasset" 51
"D:/WholeBackUp/School/AppsWProjects/Unreal Engine 4/Projects/Sandbox/Content/StarterContent/Textures/T_Fire_Tiled_D.uasset" 52
"D:/WholeBackUp/School/AppsWProjects/Unreal Engine 4/Projects/Sandbox/Content/StarterContent/Textures/T_Fire_SubUV.uasset" 53
"D:/WholeBackUp/School/AppsWProjects/Unreal Engine 4/Projects/Sandbox/Content/StarterContent/Particles/Materials/M_Fire_SubUV.uasset" 54
"D:/WholeBackUp/School/AppsWProjects/Unreal Engine 4/Projects/Sandbox/Content/StarterContent/Particles/P_Fire.uasset" 55
"D:/WholeBackUp/School/AppsWProjects/Unreal Engine 4/Projects/Sandbox/Content/SandboxLevel/Week01/BP_AmbAudioTrigger.uasset" 56
"D:/WholeBackUp/School/AppsWProjects/Unreal Engine 4/Projects/Sandbox/Content/SandboxLevel/BP_AmbAudioTrigger.uasset" 57
"D:/WholeBackUp/School/AppsWProjects/Unreal Engine 4/Projects/Sandbox/Content/SandboxLevel/Week01/BP_Trigger.uasset" 58
"D:/WholeBackUp/School/AppsWProjects/Unreal Engine 4/Projects/Sandbox/Content/SandboxLevel/Week01/BP_AudioTrigger.uasset" 59
"D:/WholeBackUp/School/AppsWProjects/Unreal Engine 4/Projects/Sandbox/Content/SandboxLevel/BP_AudioTrigger.uasset" 60
"../../../Engine/Content/Functions/Engine_MaterialFunctions01/Opacity/CameraDepthFade.uasset" 61
"../../../Engine/Content/EngineMaterials/T_Default_Material_Grid_N.uasset" 62
"../../../Engine/Content/EngineMaterials/T_Default_Material_Grid_M.uasset" 63
"../../../Engine/Content/EngineMaterials/DefaultMaterial.uasset" 64
"../../../Engine/Content/BasicShapes/Sphere.uasset" 65
"../../../Engine/Content/EngineMaterials/WorldGridMaterial.uasset" 66
"D:/WholeBackUp/School/AppsWProjects/Unreal Engine 4/Projects/Sandbox/Content/VFX/Sources/SM_ky_cylinder_superLow.uasset" 67
"D:/WholeBackUp/School/AppsWProjects/Unreal Engine 4/Projects/Sandbox/Content/SandboxLevel/Sources/SM_ky_cylinder_superLow.uasset" 68
"D:/WholeBackUp/School/AppsWProjects/Unreal Engine 4/Projects/Sandbox/Content/VFX/Sources/SM_ky_cylinder_lowPoly_dist.uasset" 69
"D:/WholeBackUp/School/AppsWProjects/Unreal Engine 4/Projects/Sandbox/Content/SandboxLevel/Sources/SM_ky_cylinder_lowPoly_dist.uasset" 70
"D:/WholeBackUp/School/AppsWProjects/Unreal Engine 4/Projects/Sandbox/Content/VFX/Sources/SM_ky_auraWall_distB_kai.uasset" 71
"D:/WholeBackUp/School/AppsWProjects/Unreal Engine 4/Projects/Sandbox/Content/SandboxLevel/Sources/SM_ky_auraWall_distB_kai.uasset" 72
"D:/WholeBackUp/School/AppsWProjects/Unreal Engine 4/Projects/Sandbox/Content/VFX/Sources/M_ky_empty.uasset" 73
"D:/WholeBackUp/School/AppsWProjects/Unreal Engine 4/Projects/Sandbox/Content/SandboxLevel/Sources/M_ky_empty.uasset" 74
"../../../Engine/Content/EngineResources/DefaultTexture.uasset" 75
"D:/WholeBackUp/School/AppsWProjects/Unreal Engine 4/Projects/Sandbox/Content/VFX/Sources/T_ky_maskRGB3.uasset" 76
"D:/WholeBackUp/School/AppsWProjects/Unreal Engine 4/Projects/Sandbox/Content/VFX/Sources/T_ky_dust01_4x4.uasset" 77
"D:/WholeBackUp/School/AppsWProjects/Unreal Engine 4/Projects/Sandbox/Content/VFX/Sources/MF_ky_UVcontrol_4x4.uasset" 78
"D:/WholeBackUp/School/AppsWProjects/Unreal Engine 4/Projects/Sandbox/Content/VFX/Sources/M_ky_dust01_4x4.uasset" 79
"D:/WholeBackUp/School/AppsWProjects/Unreal Engine 4/Projects/Sandbox/Content/SandboxLevel/Sources/M_ky_dust01_4x4.uasset" 80
"../../../Engine/Content/EngineMaterials/BlendFunc_DefBlend.uasset" 81
"../../../Engine/Content/EngineMaterials/BlendFunc_DefBase.uasset" 82
"../../../Engine/Content/Functions/Engine_MaterialFunctions03/Blends/Blend_Screen.uasset" 83
"../../../Engine/Content/Functions/Engine_MaterialFunctions01/Gradient/LinearGradient.uasset" 84
"../../../Engine/Content/Functions/Engine_MaterialFunctions01/Gradient/DiamondGradient.uasset" 85
"../../../Engine/Content/Functions/Engine_MaterialFunctions01/Density/ExponentialDensity.uasset" 86
"../../../Engine/Content/Functions/Engine_MaterialFunctions01/Gradient/RadialGradientExponential.uasset" 87
"D:/WholeBackUp/School/AppsWProjects/Unreal Engine 4/Projects/Sandbox/Content/VFX/Sources/T_ky_dust_longStar.uasset" 88
"D:/WholeBackUp/School/AppsWProjects/Unreal Engine 4/Projects/Sandbox/Content/VFX/Sources/M_ky_starDust.uasset" 89
"D:/WholeBackUp/School/AppsWProjects/Unreal Engine 4/Projects/Sandbox/Content/VFX/Sources/MI_ky_starDust_dis.uasset" 90
"D:/WholeBackUp/School/AppsWProjects/Unreal Engine 4/Projects/Sandbox/Content/SandboxLevel/Sources/MI_ky_starDust_dis.uasset" 91
"D:/WholeBackUp/School/AppsWProjects/Unreal Engine 4/Projects/Sandbox/Content/VFX/Sources/M_ky_primitive_dyn2.uasset" 92
"D:/WholeBackUp/School/AppsWProjects/Unreal Engine 4/Projects/Sandbox/Content/VFX/Sources/MI_ky_primitive_dynB_nonD.uasset" 93
"D:/WholeBackUp/School/AppsWProjects/Unreal Engine 4/Projects/Sandbox/Content/SandboxLevel/Sources/MI_ky_primitive_dynB_nonD.uasset" 94
"D:/WholeBackUp/School/AppsWProjects/Unreal Engine 4/Projects/Sandbox/Content/VFX/Sources/T_ky_auraWallWhite_4x4.uasset" 95
"D:/WholeBackUp/School/AppsWProjects/Unreal Engine 4/Projects/Sandbox/Content/VFX/Sources/T_ky_maskCircle.uasset" 96
"D:/WholeBackUp/School/AppsWProjects/Unreal Engine 4/Projects/Sandbox/Content/VFX/Sources/T_ky_circle9_4x4.uasset" 97
"D:/WholeBackUp/School/AppsWProjects/Unreal Engine 4/Projects/Sandbox/Content/VFX/Sources/M_ky_base_anime.uasset" 98
"D:/WholeBackUp/School/AppsWProjects/Unreal Engine 4/Projects/Sandbox/Content/VFX/Sources/MI_ky_circle9_4x4c2.uasset" 99
"D:/WholeBackUp/School/AppsWProjects/Unreal Engine 4/Projects/Sandbox/Content/SandboxLevel/Sources/MI_ky_circle9_4x4c2.uasset" 100
"D:/WholeBackUp/School/AppsWProjects/Unreal Engine 4/Projects/Sandbox/Content/VFX/Sources/T_ky_smoke03.uasset" 101
"D:/WholeBackUp/School/AppsWProjects/Unreal Engine 4/Projects/Sandbox/Content/VFX/Sources/T_ky_noise13_sml_nor.uasset" 102
"D:/WholeBackUp/School/AppsWProjects/Unreal Engine 4/Projects/Sandbox/Content/VFX/Sources/M_ky_auraWall02.uasset" 103
"D:/WholeBackUp/School/AppsWProjects/Unreal Engine 4/Projects/Sandbox/Content/VFX/Sources/MI_ky_auraWall02_two.uasset" 104
"D:/WholeBackUp/School/AppsWProjects/Unreal Engine 4/Projects/Sandbox/Content/SandboxLevel/Sources/MI_ky_auraWall02_two.uasset" 105
"D:/WholeBackUp/School/AppsWProjects/Unreal Engine 4/Projects/Sandbox/Content/VFX/Sources/T_ky_bg.uasset" 106
"D:/WholeBackUp/School/AppsWProjects/Unreal Engine 4/Projects/Sandbox/Content/VFX/Sources/T_ky_aura011_4x4.uasset" 107
"D:/WholeBackUp/School/AppsWProjects/Unreal Engine 4/Projects/Sandbox/Content/VFX/Sources/M_ky_subUV01.uasset" 108
"D:/WholeBackUp/School/AppsWProjects/Unreal Engine 4/Projects/Sandbox/Content/VFX/Sources/MI_ky_aura011_4x4_nonD.uasset" 109
"D:/WholeBackUp/School/AppsWProjects/Unreal Engine 4/Projects/Sandbox/Content/SandboxLevel/Sources/MI_ky_aura011_4x4_nonD.uasset" 110
"D:/WholeBackUp/School/AppsWProjects/Unreal Engine 4/Projects/Sandbox/Content/VFX/Sources/MI_ky_aura011_4x4.uasset" 111
"D:/WholeBackUp/School/AppsWProjects/Unreal Engine 4/Projects/Sandbox/Content/SandboxLevel/Sources/MI_ky_aura011_4x4.uasset" 112
"D:/WholeBackUp/School/AppsWProjects/Unreal Engine 4/Projects/Sandbox/Content/VFX/HealAuraSources/P_ky_healAura.uasset" 113
"D:/WholeBackUp/School/AppsWProjects/Unreal Engine 4/Projects/Sandbox/Content/VFX/Sources/SM_ky_tornado07.uasset" 114
"D:/WholeBackUp/School/AppsWProjects/Unreal Engine 4/Projects/Sandbox/Content/VFX/Sources/SM_ky_quad_centerRot.uasset" 115
"D:/WholeBackUp/School/AppsWProjects/Unreal Engine 4/Projects/Sandbox/Content/VFX/Sources/SM_ky_circleDist06.uasset" 116
"../../../Engine/Content/Functions/Engine_MaterialFunctions03/Texturing/TwoSidedTexturing.uasset" 117
"D:/WholeBackUp/School/AppsWProjects/Unreal Engine 4/Projects/Sandbox/Content/VFX/Sources/T_ky_noise6.uasset" 118
"D:/WholeBackUp/School/AppsWProjects/Unreal Engine 4/Projects/Sandbox/Content/VFX/Sources/T_ky_noise5.uasset" 119
"D:/WholeBackUp/School/AppsWProjects/Unreal Engine 4/Projects/Sandbox/Content/VFX/Sources/T_ky_noise4.uasset" 120
"D:/WholeBackUp/School/AppsWProjects/Unreal Engine 4/Projects/Sandbox/Content/VFX/Sources/MF_ky_TexController.uasset" 121
"D:/WholeBackUp/School/AppsWProjects/Unreal Engine 4/Projects/Sandbox/Content/VFX/Sources/M_ky_stormDeco01.uasset" 122
"D:/WholeBackUp/School/AppsWProjects/Unreal Engine 4/Projects/Sandbox/Content/VFX/Sources/T_ky_noise17.uasset" 123
"D:/WholeBackUp/School/AppsWProjects/Unreal Engine 4/Projects/Sandbox/Content/VFX/Sources/MF_ky_TexController_primitive.uasset" 124
"D:/WholeBackUp/School/AppsWProjects/Unreal Engine 4/Projects/Sandbox/Content/VFX/Sources/MF_ky_MaskToTopUnder.uasset" 125
"D:/WholeBackUp/School/AppsWProjects/Unreal Engine 4/Projects/Sandbox/Content/VFX/Sources/MF_ky_AddHilight.uasset" 126
"D:/WholeBackUp/School/AppsWProjects/Unreal Engine 4/Projects/Sandbox/Content/VFX/Sources/M_ky_storm01.uasset" 127
"../../../Engine/Content/EngineMaterials/Good64x64TilingNoiseHighFreq.uasset" 128
"../../../Engine/Content/Functions/Engine_MaterialFunctions02/Texturing/ScreenAlignedPixelToPixelUVs.uasset" 129
"../../../Engine/Content/Functions/Engine_MaterialFunctions02/Utility/DitherTemporalAA.uasset" 130
"D:/WholeBackUp/School/AppsWProjects/Unreal Engine 4/Projects/Sandbox/Content/VFX/Sources/T_ky_stone02_2x2.uasset" 131
"D:/WholeBackUp/School/AppsWProjects/Unreal Engine 4/Projects/Sandbox/Content/VFX/Sources/M_ky_stone02.uasset" 132
"D:/WholeBackUp/School/AppsWProjects/Unreal Engine 4/Projects/Sandbox/Content/VFX/Sources/T_ky_flare_a.uasset" 133
"D:/WholeBackUp/School/AppsWProjects/Unreal Engine 4/Projects/Sandbox/Content/VFX/Sources/M_ky_flare_flash.uasset" 134
"D:/WholeBackUp/School/AppsWProjects/Unreal Engine 4/Projects/Sandbox/Content/VFX/Sources/T_ky_vortex04_4x4.uasset" 135
"D:/WholeBackUp/School/AppsWProjects/Unreal Engine 4/Projects/Sandbox/Content/VFX/Sources/M_ky_vortex04_4x4.uasset" 136
"D:/WholeBackUp/School/AppsWProjects/Unreal Engine 4/Projects/Sandbox/Content/VFX/Sources/MI_ky_vortex04B_4x4_two.uasset" 137
"D:/WholeBackUp/School/AppsWProjects/Unreal Engine 4/Projects/Sandbox/Content/VFX/Sources/T_ky_smoke_kai.uasset" 138
"D:/WholeBackUp/School/AppsWProjects/Unreal Engine 4/Projects/Sandbox/Content/VFX/Sources/T_ky_dist_noise.uasset" 139
"D:/WholeBackUp/School/AppsWProjects/Unreal Engine 4/Projects/Sandbox/Content/VFX/Sources/M_ky_base_turbulence.uasset" 140
"D:/WholeBackUp/School/AppsWProjects/Unreal Engine 4/Projects/Sandbox/Content/VFX/Sources/MI_ky_turbulence_smoke2d_trs.uasset" 141
"D:/WholeBackUp/School/AppsWProjects/Unreal Engine 4/Projects/Sandbox/Content/VFX/Sources/MI_ky_storm01_nonD.uasset" 142
"D:/WholeBackUp/School/AppsWProjects/Unreal Engine 4/Projects/Sandbox/Content/VFX/Sources/P_ky_storm.uasset" 143
"D:/WholeBackUp/School/AppsWProjects/Unreal Engine 4/Projects/Sandbox/Content/SandboxLevel/Sources/P_ky_storm.uasset" 144
"D:/WholeBackUp/School/AppsWProjects/Unreal Engine 4/Projects/Sandbox/Content/VFX/HealAuraSources/BP_ky_storm.uasset" 145
"../../../Engine/Content/BasicShapes/BasicShapeMaterial.uasset" 146
"D:/WholeBackUp/School/AppsWProjects/Unreal Engine 4/Projects/Sandbox/Content/VFX/P_JumpAndDiveSources/SM_SnowHeavy.uasset" 147
"D:/WholeBackUp/School/AppsWProjects/Unreal Engine 4/Projects/Sandbox/Content/SandboxLevel/P_JumpAndDiveSources/SM_SnowHeavy.uasset" 148
"D:/WholeBackUp/School/AppsWProjects/Unreal Engine 4/Projects/Sandbox/Content/VFX/P_JumpAndDiveSources/SM_IceTrap.uasset" 149
"D:/WholeBackUp/School/AppsWProjects/Unreal Engine 4/Projects/Sandbox/Content/SandboxLevel/P_JumpAndDiveSources/SM_IceTrap.uasset" 150
"../../../Engine/Content/EngineResources/Black.uasset" 151
"D:/WholeBackUp/School/AppsWProjects/Unreal Engine 4/Projects/Sandbox/Content/VFX/Sources/M_Trans_Sprite_SubUV_Master.uasset" 152
"D:/WholeBackUp/School/AppsWProjects/Unreal Engine 4/Projects/Sandbox/Content/SandboxLevel/Sources/M_Trans_Sprite_SubUV_Master.uasset" 153
"D:/WholeBackUp/School/AppsWProjects/Unreal Engine 4/Projects/Sandbox/Content/VFX/Sources/T_Sparkle_Flakes.uasset" 154
"D:/WholeBackUp/School/AppsWProjects/Unreal Engine 4/Projects/Sandbox/Content/SandboxLevel/Sources/T_Sparkle_Flakes.uasset" 155
"D:/WholeBackUp/School/AppsWProjects/Unreal Engine 4/Projects/Sandbox/Content/VFX/P_JumpAndDiveSources/M_Snow_01_INST.uasset" 156
"D:/WholeBackUp/School/AppsWProjects/Unreal Engine 4/Projects/Sandbox/Content/SandboxLevel/P_JumpAndDiveSources/M_Snow_01_INST.uasset" 157
"D:/WholeBackUp/School/AppsWProjects/Unreal Engine 4/Projects/Sandbox/Content/VFX/Sources/T_SmokeBall_01_8_8.uasset" 158
"D:/WholeBackUp/School/AppsWProjects/Unreal Engine 4/Projects/Sandbox/Content/SandboxLevel/Sources/T_SmokeBall_01_8_8.uasset" 159
"D:/WholeBackUp/School/AppsWProjects/Unreal Engine 4/Projects/Sandbox/Content/VFX/Sources/M_Add_Sprite_SubUV_Master.uasset" 160
"D:/WholeBackUp/School/AppsWProjects/Unreal Engine 4/Projects/Sandbox/Content/SandboxLevel/Sources/M_Add_Sprite_SubUV_Master.uasset" 161
"D:/WholeBackUp/School/AppsWProjects/Unreal Engine 4/Projects/Sandbox/Content/VFX/P_JumpAndDiveSources/M_Smoke_01_8X8_INST.uasset" 162
"D:/WholeBackUp/School/AppsWProjects/Unreal Engine 4/Projects/Sandbox/Content/SandboxLevel/P_JumpAndDiveSources/M_Smoke_01_8X8_INST.uasset" 163
"D:/WholeBackUp/School/AppsWProjects/Unreal Engine 4/Projects/Sandbox/Content/VFX/Sources/T_BlastWave.uasset" 164
"D:/WholeBackUp/School/AppsWProjects/Unreal Engine 4/Projects/Sandbox/Content/SandboxLevel/Sources/T_BlastWave.uasset" 165
"D:/WholeBackUp/School/AppsWProjects/Unreal Engine 4/Projects/Sandbox/Content/VFX/Sources/M_Add_Sprite_Master.uasset" 166
"D:/WholeBackUp/School/AppsWProjects/Unreal Engine 4/Projects/Sandbox/Content/SandboxLevel/Sources/M_Add_Sprite_Master.uasset" 167
"D:/WholeBackUp/School/AppsWProjects/Unreal Engine 4/Projects/Sandbox/Content/VFX/P_JumpAndDiveSources/M_Shockwave_01_ADD_INST.uasset" 168
"D:/WholeBackUp/School/AppsWProjects/Unreal Engine 4/Projects/Sandbox/Content/SandboxLevel/P_JumpAndDiveSources/M_Shockwave_01_ADD_INST.uasset" 169
"D:/WholeBackUp/School/AppsWProjects/Unreal Engine 4/Projects/Sandbox/Content/VFX/Sources/T_IceChunks.uasset" 170
"D:/WholeBackUp/School/AppsWProjects/Unreal Engine 4/Projects/Sandbox/Content/SandboxLevel/Sources/T_IceChunks.uasset" 171
"D:/WholeBackUp/School/AppsWProjects/Unreal Engine 4/Projects/Sandbox/Content/VFX/P_JumpAndDiveSources/M_IceChunksBase.uasset" 172
"D:/WholeBackUp/School/AppsWProjects/Unreal Engine 4/Projects/Sandbox/Content/SandboxLevel/P_JumpAndDiveSources/M_IceChunksBase.uasset" 173
"D:/WholeBackUp/School/AppsWProjects/Unreal Engine 4/Projects/Sandbox/Content/VFX/Sources/T_FrozenGroundBlasted_N.uasset" 174
"D:/WholeBackUp/School/AppsWProjects/Unreal Engine 4/Projects/Sandbox/Content/SandboxLevel/Sources/T_FrozenGroundBlasted_N.uasset" 175
"D:/WholeBackUp/School/AppsWProjects/Unreal Engine 4/Projects/Sandbox/Content/VFX/Sources/T_FrozenGroundBlasted_Fade.uasset" 176
"D:/WholeBackUp/School/AppsWProjects/Unreal Engine 4/Projects/Sandbox/Content/SandboxLevel/Sources/T_FrozenGroundBlasted_Fade.uasset" 177
"D:/WholeBackUp/School/AppsWProjects/Unreal Engine 4/Projects/Sandbox/Content/VFX/P_JumpAndDiveSources/M_IceBlastIcicles_Fade.uasset" 178
"D:/WholeBackUp/School/AppsWProjects/Unreal Engine 4/Projects/Sandbox/Content/SandboxLevel/P_JumpAndDiveSources/M_IceBlastIcicles_Fade.uasset" 179
"D:/WholeBackUp/School/AppsWProjects/Unreal Engine 4/Projects/Sandbox/Content/VFX/Sources/T_LightCone.uasset" 180
"D:/WholeBackUp/School/AppsWProjects/Unreal Engine 4/Projects/Sandbox/Content/SandboxLevel/Sources/T_LightCone.uasset" 181
"D:/WholeBackUp/School/AppsWProjects/Unreal Engine 4/Projects/Sandbox/Content/VFX/P_JumpAndDiveSources/M_Flare_Vertical_02_Inst.uasset" 182
"D:/WholeBackUp/School/AppsWProjects/Unreal Engine 4/Projects/Sandbox/Content/SandboxLevel/P_JumpAndDiveSources/M_Flare_Vertical_02_Inst.uasset" 183
"D:/WholeBackUp/School/AppsWProjects/Unreal Engine 4/Projects/Sandbox/Content/VFX/Sources/T_GlowNoise_Circular_02.uasset" 184
"D:/WholeBackUp/School/AppsWProjects/Unreal Engine 4/Projects/Sandbox/Content/SandboxLevel/Sources/T_GlowNoise_Circular_02.uasset" 185
"D:/WholeBackUp/School/AppsWProjects/Unreal Engine 4/Projects/Sandbox/Content/VFX/P_JumpAndDiveSources/M_Flare_Noise_01_Inst.uasset" 186
"D:/WholeBackUp/School/AppsWProjects/Unreal Engine 4/Projects/Sandbox/Content/SandboxLevel/P_JumpAndDiveSources/M_Flare_Noise_01_Inst.uasset" 187
"D:/WholeBackUp/School/AppsWProjects/Unreal Engine 4/Projects/Sandbox/Content/VFX/Sources/T_SoftFallOff.uasset" 188
"D:/WholeBackUp/School/AppsWProjects/Unreal Engine 4/Projects/Sandbox/Content/SandboxLevel/Sources/T_SoftFallOff.uasset" 189
"D:/WholeBackUp/School/AppsWProjects/Unreal Engine 4/Projects/Sandbox/Content/VFX/Sources/M_Add_Sprite_Master_DepthFade.uasset" 190
"D:/WholeBackUp/School/AppsWProjects/Unreal Engine 4/Projects/Sandbox/Content/SandboxLevel/Sources/M_Add_Sprite_Master_DepthFade.uasset" 191
"D:/WholeBackUp/School/AppsWProjects/Unreal Engine 4/Projects/Sandbox/Content/VFX/P_JumpAndDiveSources/M_Flare_03_INST.uasset" 192
"D:/WholeBackUp/School/AppsWProjects/Unreal Engine 4/Projects/Sandbox/Content/SandboxLevel/P_JumpAndDiveSources/M_Flare_03_INST.uasset" 193
"D:/WholeBackUp/School/AppsWProjects/Unreal Engine 4/Projects/Sandbox/Content/VFX/Sources/T_starFlare_02.uasset" 194
"D:/WholeBackUp/School/AppsWProjects/Unreal Engine 4/Projects/Sandbox/Content/SandboxLevel/Sources/T_starFlare_02.uasset" 195
"D:/WholeBackUp/School/AppsWProjects/Unreal Engine 4/Projects/Sandbox/Content/VFX/IceAttackSources/M_Flare_02_INST.uasset" 196
"D:/WholeBackUp/School/AppsWProjects/Unreal Engine 4/Projects/Sandbox/Content/SandboxLevel/IceAttackSources/M_Flare_02_INST.uasset" 197
"D:/WholeBackUp/School/AppsWProjects/Unreal Engine 4/Projects/Sandbox/Content/SandboxLevel/Week01/P_JumpAndDive_Ice_03.uasset" 198
"D:/WholeBackUp/School/AppsWProjects/Unreal Engine 4/Projects/Sandbox/Content/StarterContent/Audio/Starter_Wind05.uasset" 199
"D:/WholeBackUp/School/AppsWProjects/Unreal Engine 4/Projects/Sandbox/Content/SandboxLevel/Week01/BP_ky_healAura1.uasset" 200
"D:/WholeBackUp/School/AppsWProjects/Unreal Engine 4/Projects/Sandbox/Content/SandboxLevel/BP_ky_healAura1.uasset" 201
"D:/WholeBackUp/School/AppsWProjects/Unreal Engine 4/Projects/Sandbox/Content/StarterContent/Textures/T_Lamp_N.uasset" 202
"D:/WholeBackUp/School/AppsWProjects/Unreal Engine 4/Projects/Sandbox/Content/StarterContent/Textures/T_Lamp_M.uasset" 203
"D:/WholeBackUp/School/AppsWProjects/Unreal Engine 4/Projects/Sandbox/Content/StarterContent/Props/Materials/M_Lamp.uasset" 204
"D:/WholeBackUp/School/AppsWProjects/Unreal Engine 4/Projects/Sandbox/Content/StarterContent/Props/SM_Lamp_Wall.uasset" 205
"D:/WholeBackUp/School/AppsWProjects/Unreal Engine 4/Projects/Sandbox/Content/StarterContent/Audio/Explosion01.uasset" 206
"D:/WholeBackUp/School/AppsWProjects/Unreal Engine 4/Projects/Sandbox/Content/FirstPerson/Meshes/BaseMaterial.uasset" 207
"D:/WholeBackUp/School/AppsWProjects/Unreal Engine 4/Projects/Sandbox/Content/FirstPerson/Meshes/FirstPersonProjectileMaterial.uasset" 208
"D:/WholeBackUp/School/AppsWProjects/Unreal Engine 4/Projects/Sandbox/Content/FirstPerson/Meshes/FirstPersonProjectileMesh.uasset" 209
"D:/WholeBackUp/School/AppsWProjects/Unreal Engine 4/Projects/Sandbox/Content/FirstPersonBP/Blueprints/FirstPersonProjectile.uasset" 210
"../../../Engine/Content/BasicShapes/Cube.uasset" 211
"D:/WholeBackUp/School/AppsWProjects/Unreal Engine 4/Projects/Sandbox/Content/SandboxLevel/Week01/BP_WallSconceToggle.uasset" 212
"D:/WholeBackUp/School/AppsWProjects/Unreal Engine 4/Projects/Sandbox/Content/SandboxLevel/BP_WallSconceToggle.uasset" 213
"D:/WholeBackUp/School/AppsWProjects/Unreal Engine 4/Projects/Sandbox/Content/SandboxLevel/Week01/FirstEventTrigger_Blueprint.uasset" 214
"D:/WholeBackUp/School/AppsWProjects/Unreal Engine 4/Projects/Sandbox/Content/SandboxLevel/FirstEventTrigger_Blueprint.uasset" 215
"D:/WholeBackUp/School/AppsWProjects/Unreal Engine 4/Projects/Sandbox/Content/VFX/IceAttackSources/SM_SpinSpiral.uasset" 216
"D:/WholeBackUp/School/AppsWProjects/Unreal Engine 4/Projects/Sandbox/Content/SandboxLevel/IceAttackSources/SM_SpinSpiral.uasset" 217
"D:/WholeBackUp/School/AppsWProjects/Unreal Engine 4/Projects/Sandbox/Content/VFX/Sources/T_SwipeTrail.uasset" 218
"D:/WholeBackUp/School/AppsWProjects/Unreal Engine 4/Projects/Sandbox/Content/SandboxLevel/Sources/T_SwipeTrail.uasset" 219
"D:/WholeBackUp/School/AppsWProjects/Unreal Engine 4/Projects/Sandbox/Content/VFX/Sources/M_Add_Sprite_2Sided_Master.uasset" 220
"D:/WholeBackUp/School/AppsWProjects/Unreal Engine 4/Projects/Sandbox/Content/SandboxLevel/Sources/M_Add_Sprite_2Sided_Master.uasset" 221
"D:/WholeBackUp/School/AppsWProjects/Unreal Engine 4/Projects/Sandbox/Content/VFX/IceAttackSources/M_Swipe_Mesh_Add_2Sided_01_INST.uasset" 222
"D:/WholeBackUp/School/AppsWProjects/Unreal Engine 4/Projects/Sandbox/Content/SandboxLevel/IceAttackSources/M_Swipe_Mesh_Add_2Sided_01_INST.uasset" 223
"D:/WholeBackUp/School/AppsWProjects/Unreal Engine 4/Projects/Sandbox/Content/SandboxLevel/Week01/P_AOE_Ice_CircleAttack1.uasset" 224
"D:/WholeBackUp/School/AppsWProjects/Unreal Engine 4/Projects/Sandbox/Content/SandboxLevel/P_AOE_Ice_CircleAttack1.uasset" 225
"D:/WholeBackUp/School/AppsWProjects/Unreal Engine 4/Projects/Sandbox/Content/SandboxLevel/P_JumpAndDive_Ice_03.uasset" 226
"D:/WholeBackUp/School/AppsWProjects/Unreal Engine 4/Projects/Sandbox/Content/VFX/Sources/M_ky_waterDust02.uasset" 227
"D:/WholeBackUp/School/AppsWProjects/Unreal Engine 4/Projects/Sandbox/Content/VFX/Sources/MI_ky_stormDeco01_aqua.uasset" 228
"D:/WholeBackUp/School/AppsWProjects/Unreal Engine 4/Projects/Sandbox/Content/VFX/Sources/MI_ky_storm01_aqua_nonD.uasset" 229
"D:/WholeBackUp/School/AppsWProjects/Unreal Engine 4/Projects/Sandbox/Content/VFX/Sources/MI_ky_storm01_aqua.uasset" 230
"D:/WholeBackUp/School/AppsWProjects/Unreal Engine 4/Projects/Sandbox/Content/VFX/Sources/P_ky_aquaStorm.uasset" 231
"D:/WholeBackUp/School/AppsWProjects/Unreal Engine 4/Projects/Sandbox/Content/SandboxLevel/Sources/P_ky_aquaStorm.uasset" 232
"D:/WholeBackUp/School/AppsWProjects/Unreal Engine 4/Projects/Sandbox/Content/VFX/HealAuraSources/BP_ky_aquaStorm.uasset" 233
"D:/WholeBackUp/School/AppsWProjects/Unreal Engine 4/Projects/Sandbox/Content/SandboxLevel/HealAuraSources/BP_ky_aquaStorm.uasset" 234
"D:/WholeBackUp/School/AppsWProjects/Unreal Engine 4/Projects/Sandbox/Content/VFX/Sources/MI_ky_stormDeco01_dark.uasset" 235
"D:/WholeBackUp/School/AppsWProjects/Unreal Engine 4/Projects/Sandbox/Content/VFX/Sources/MI_ky_storm01_dark_nonD.uasset" 236
"D:/WholeBackUp/School/AppsWProjects/Unreal Engine 4/Projects/Sandbox/Content/VFX/Sources/MI_ky_storm01_dark.uasset" 237
"D:/WholeBackUp/School/AppsWProjects/Unreal Engine 4/Projects/Sandbox/Content/VFX/Sources/T_ky_noise3.uasset" 238
"D:/WholeBackUp/School/AppsWProjects/Unreal Engine 4/Projects/Sandbox/Content/VFX/Sources/M_ky_dynDust.uasset" 239
"D:/WholeBackUp/School/AppsWProjects/Unreal Engine 4/Projects/Sandbox/Content/VFX/Sources/T_ky_smoke2.uasset" 240
"D:/WholeBackUp/School/AppsWProjects/Unreal Engine 4/Projects/Sandbox/Content/VFX/Sources/MI_ky_dynDust.uasset" 241
"D:/WholeBackUp/School/AppsWProjects/Unreal Engine 4/Projects/Sandbox/Content/VFX/Sources/P_ky_darkStorm.uasset" 242
"D:/WholeBackUp/School/AppsWProjects/Unreal Engine 4/Projects/Sandbox/Content/SandboxLevel/Sources/P_ky_darkStorm.uasset" 243
"D:/WholeBackUp/School/AppsWProjects/Unreal Engine 4/Projects/Sandbox/Content/VFX/HealAuraSources/BP_ky_darkStorm.uasset" 244
"D:/WholeBackUp/School/AppsWProjects/Unreal Engine 4/Projects/Sandbox/Content/SandboxLevel/HealAuraSources/BP_ky_darkStorm.uasset" 245
"D:/WholeBackUp/School/AppsWProjects/Unreal Engine 4/Projects/Sandbox/Content/VFX/Sources/MI_ky_stormDeco01_fire.uasset" 246
"D:/WholeBackUp/School/AppsWProjects/Unreal Engine 4/Projects/Sandbox/Content/VFX/Sources/MI_ky_storm01_fire_nonD1.uasset" 247
"D:/WholeBackUp/School/AppsWProjects/Unreal Engine 4/Projects/Sandbox/Content/VFX/Sources/MI_ky_storm01_fire.uasset" 248
"D:/WholeBackUp/School/AppsWProjects/Unreal Engine 4/Projects/Sandbox/Content/VFX/Sources/MI_ky_flare_flash_trs.uasset" 249
"D:/WholeBackUp/School/AppsWProjects/Unreal Engine 4/Projects/Sandbox/Content/VFX/Sources/P_ky_fireStorm.uasset" 250
"D:/WholeBackUp/School/AppsWProjects/Unreal Engine 4/Projects/Sandbox/Content/SandboxLevel/Sources/P_ky_fireStorm.uasset" 251
"D:/WholeBackUp/School/AppsWProjects/Unreal Engine 4/Projects/Sandbox/Content/VFX/HealAuraSources/BP_ky_fireStorm.uasset" 252
"D:/WholeBackUp/School/AppsWProjects/Unreal Engine 4/Projects/Sandbox/Content/SandboxLevel/HealAuraSources/BP_ky_fireStorm.uasset" 253
"D:/WholeBackUp/School/AppsWProjects/Unreal Engine 4/Projects/Sandbox/Content/VFX/HealAuraSources/BP_ky_healAura.uasset" 254
"D:/WholeBackUp/School/AppsWProjects/Unreal Engine 4/Projects/Sandbox/Content/SandboxLevel/HealAuraSources/BP_ky_healAura.uasset" 255
"D:/WholeBackUp/School/AppsWProjects/Unreal Engine 4/Projects/Sandbox/Content/VFX/Sources/SM_ky_cylinderBend07.uasset" 256
"D:/WholeBackUp/School/AppsWProjects/Unreal Engine 4/Projects/Sandbox/Content/VFX/Sources/T_ky_magicCircle020.uasset" 257
"D:/WholeBackUp/School/AppsWProjects/Unreal Engine 4/Projects/Sandbox/Content/VFX/Sources/MF_ky_VectorToRadialValue.uasset" 258
"D:/WholeBackUp/School/AppsWProjects/Unreal Engine 4/Projects/Sandbox/Content/VFX/Sources/M_ky_magicCircle020.uasset" 259
"D:/WholeBackUp/School/AppsWProjects/Unreal Engine 4/Projects/Sandbox/Content/VFX/Sources/T_ky_noise.uasset" 260
"D:/WholeBackUp/School/AppsWProjects/Unreal Engine 4/Projects/Sandbox/Content/VFX/Sources/M_ky_Fresnel.uasset" 261
"D:/WholeBackUp/School/AppsWProjects/Unreal Engine 4/Projects/Sandbox/Content/VFX/Sources/T_ky_circle01_4x4.uasset" 262
"D:/WholeBackUp/School/AppsWProjects/Unreal Engine 4/Projects/Sandbox/Content/VFX/Sources/M_ky_circle01_4x4G_nonD.uasset" 263
"D:/WholeBackUp/School/AppsWProjects/Unreal Engine 4/Projects/Sandbox/Content/VFX/Sources/T_ky_circleDust.uasset" 264
"D:/WholeBackUp/School/AppsWProjects/Unreal Engine 4/Projects/Sandbox/Content/VFX/Sources/M_ky_base.uasset" 265
"D:/WholeBackUp/School/AppsWProjects/Unreal Engine 4/Projects/Sandbox/Content/VFX/Sources/MI_ky_circleDust.uasset" 266
"D:/WholeBackUp/School/AppsWProjects/Unreal Engine 4/Projects/Sandbox/Content/VFX/Sources/T_ky_chantDecoC.uasset" 267
"D:/WholeBackUp/School/AppsWProjects/Unreal Engine 4/Projects/Sandbox/Content/VFX/Sources/M_ky_chantDecoA.uasset" 268
"D:/WholeBackUp/School/AppsWProjects/Unreal Engine 4/Projects/Sandbox/Content/VFX/Sources/MI_ky_chantDecoAc.uasset" 269
"D:/WholeBackUp/School/AppsWProjects/Unreal Engine 4/Projects/Sandbox/Content/VFX/Sources/P_ky_magicCircle1.uasset" 270
"D:/WholeBackUp/School/AppsWProjects/Unreal Engine 4/Projects/Sandbox/Content/SandboxLevel/Sources/P_ky_magicCircle1.uasset" 271
"D:/WholeBackUp/School/AppsWProjects/Unreal Engine 4/Projects/Sandbox/Content/VFX/HealAuraSources/BP_ky_magicCircle1.uasset" 272
"D:/WholeBackUp/School/AppsWProjects/Unreal Engine 4/Projects/Sandbox/Content/SandboxLevel/HealAuraSources/BP_ky_magicCircle1.uasset" 273
"D:/WholeBackUp/School/AppsWProjects/Unreal Engine 4/Projects/Sandbox/Content/SandboxLevel/HealAuraSources/BP_ky_storm.uasset" 274
"D:/WholeBackUp/School/AppsWProjects/Unreal Engine 4/Projects/Sandbox/Content/VFX/Sources/T_ky_deco_doom.uasset" 275
"D:/WholeBackUp/School/AppsWProjects/Unreal Engine 4/Projects/Sandbox/Content/VFX/Sources/M_ky_thunderForBeam.uasset" 276
"D:/WholeBackUp/School/AppsWProjects/Unreal Engine 4/Projects/Sandbox/Content/VFX/Sources/MI_ky_storm01_thunder_nonD.uasset" 277
"D:/WholeBackUp/School/AppsWProjects/Unreal Engine 4/Projects/Sandbox/Content/VFX/Sources/MI_ky_storm01_thunder.uasset" 278
"D:/WholeBackUp/School/AppsWProjects/Unreal Engine 4/Projects/Sandbox/Content/VFX/Sources/T_ky_shockWave03_4x4.uasset" 279
"D:/WholeBackUp/School/AppsWProjects/Unreal Engine 4/Projects/Sandbox/Content/VFX/Sources/M_ky_shockWave03_4x4.uasset" 280
"D:/WholeBackUp/School/AppsWProjects/Unreal Engine 4/Projects/Sandbox/Content/VFX/Sources/MI_ky_shockWave03g_4x4.uasset" 281
"D:/WholeBackUp/School/AppsWProjects/Unreal Engine 4/Projects/Sandbox/Content/VFX/Sources/P_ky_thunderStorm.uasset" 282
"D:/WholeBackUp/School/AppsWProjects/Unreal Engine 4/Projects/Sandbox/Content/SandboxLevel/Sources/P_ky_thunderStorm.uasset" 283
"D:/WholeBackUp/School/AppsWProjects/Unreal Engine 4/Projects/Sandbox/Content/VFX/HealAuraSources/BP_ky_thunderStorm.uasset" 284
"D:/WholeBackUp/School/AppsWProjects/Unreal Engine 4/Projects/Sandbox/Content/SandboxLevel/HealAuraSources/BP_ky_thunderStorm.uasset" 285
"D:/WholeBackUp/School/AppsWProjects/Unreal Engine 4/Projects/Sandbox/Content/SandboxLevel/HealAuraSources/P_ky_healAura.uasset" 286
"D:/WholeBackUp/School/AppsWProjects/Unreal Engine 4/Projects/Sandbox/Content/StarterContent/Materials/M_Basic_Floor.uasset" 287
"D:/WholeBackUp/School/AppsWProjects/Unreal Engine 4/Projects/Sandbox/Content/StarterContent/Architecture/Floor_400x400.uasset" 288
"D:/WholeBackUp/School/AppsWProjects/Unreal Engine 4/Projects/Sandbox/Content/SandboxLevel/Week02/BP_MovingPlatform.uasset" 289
"D:/WholeBackUp/School/AppsWProjects/Unreal Engine 4/Projects/Sandbox/Content/SandboxLevel/NewMechanics/BP_MovingPlatform.uasset" 290
"D:/WholeBackUp/School/AppsWProjects/Unreal Engine 4/Projects/Sandbox/Content/VFX/Sources/T_Black_32.uasset" 291
"D:/WholeBackUp/School/AppsWProjects/Unreal Engine 4/Projects/Sandbox/Content/SandboxLevel/Sources/T_Black_32.uasset" 292
"D:/WholeBackUp/School/AppsWProjects/Unreal Engine 4/Projects/Sandbox/Content/VFX/Sources/M_Trans_Sprite_Master.uasset" 293
"D:/WholeBackUp/School/AppsWProjects/Unreal Engine 4/Projects/Sandbox/Content/SandboxLevel/Sources/M_Trans_Sprite_Master.uasset" 294
"D:/WholeBackUp/School/AppsWProjects/Unreal Engine 4/Projects/Sandbox/Content/VFX/P_JumpAndDiveSources/M_Flare_Noise_01_Trans_INST.uasset" 295
"D:/WholeBackUp/School/AppsWProjects/Unreal Engine 4/Projects/Sandbox/Content/SandboxLevel/P_JumpAndDiveSources/M_Flare_Noise_01_Trans_INST.uasset" 296
"D:/WholeBackUp/School/AppsWProjects/Unreal Engine 4/Projects/Sandbox/Content/SandboxLevel/Sources/MF_ky_AddHilight.uasset" 297
"D:/WholeBackUp/School/AppsWProjects/Unreal Engine 4/Projects/Sandbox/Content/SandboxLevel/Sources/MF_ky_MaskToTopUnder.uasset" 298
"D:/WholeBackUp/School/AppsWProjects/Unreal Engine 4/Projects/Sandbox/Content/SandboxLevel/Sources/MF_ky_TexController.uasset" 299
"D:/WholeBackUp/School/AppsWProjects/Unreal Engine 4/Projects/Sandbox/Content/SandboxLevel/Sources/MF_ky_TexController_primitive.uasset" 300
"D:/WholeBackUp/School/AppsWProjects/Unreal Engine 4/Projects/Sandbox/Content/SandboxLevel/Sources/MF_ky_UVcontrol_4x4.uasset" 301
"D:/WholeBackUp/School/AppsWProjects/Unreal Engine 4/Projects/Sandbox/Content/SandboxLevel/Sources/MF_ky_VectorToRadialValue.uasset" 302
"D:/WholeBackUp/School/AppsWProjects/Unreal Engine 4/Projects/Sandbox/Content/SandboxLevel/Sources/MI_ky_chantDecoAc.uasset" 303
"D:/WholeBackUp/School/AppsWProjects/Unreal Engine 4/Projects/Sandbox/Content/SandboxLevel/Sources/MI_ky_circleDust.uasset" 304
"D:/WholeBackUp/School/AppsWProjects/Unreal Engine 4/Projects/Sandbox/Content/SandboxLevel/Sources/MI_ky_dynDust.uasset" 305
"D:/WholeBackUp/School/AppsWProjects/Unreal Engine 4/Projects/Sandbox/Content/SandboxLevel/Sources/MI_ky_flare_flash_trs.uasset" 306
"D:/WholeBackUp/School/AppsWProjects/Unreal Engine 4/Projects/Sandbox/Content/SandboxLevel/Sources/MI_ky_shockWave03g_4x4.uasset" 307
"D:/WholeBackUp/School/AppsWProjects/Unreal Engine 4/Projects/Sandbox/Content/SandboxLevel/Sources/MI_ky_storm01_aqua.uasset" 308
"D:/WholeBackUp/School/AppsWProjects/Unreal Engine 4/Projects/Sandbox/Content/SandboxLevel/Sources/MI_ky_storm01_aqua_nonD.uasset" 309
"D:/WholeBackUp/School/AppsWProjects/Unreal Engine 4/Projects/Sandbox/Content/SandboxLevel/Sources/MI_ky_storm01_dark.uasset" 310
"D:/WholeBackUp/School/AppsWProjects/Unreal Engine 4/Projects/Sandbox/Content/SandboxLevel/Sources/MI_ky_storm01_dark_nonD.uasset" 311
"D:/WholeBackUp/School/AppsWProjects/Unreal Engine 4/Projects/Sandbox/Content/SandboxLevel/Sources/MI_ky_storm01_fire.uasset" 312
"D:/WholeBackUp/School/AppsWProjects/Unreal Engine 4/Projects/Sandbox/Content/SandboxLevel/Sources/MI_ky_storm01_fire_nonD1.uasset" 313
"D:/WholeBackUp/School/AppsWProjects/Unreal Engine 4/Projects/Sandbox/Content/SandboxLevel/Sources/MI_ky_storm01_nonD.uasset" 314
"D:/WholeBackUp/School/AppsWProjects/Unreal Engine 4/Projects/Sandbox/Content/SandboxLevel/Sources/MI_ky_storm01_thunder.uasset" 315
"D:/WholeBackUp/School/AppsWProjects/Unreal Engine 4/Projects/Sandbox/Content/SandboxLevel/Sources/MI_ky_storm01_thunder_nonD.uasset" 316
"D:/WholeBackUp/School/AppsWProjects/Unreal Engine 4/Projects/Sandbox/Content/SandboxLevel/Sources/MI_ky_stormDeco01_aqua.uasset" 317
"D:/WholeBackUp/School/AppsWProjects/Unreal Engine 4/Projects/Sandbox/Content/SandboxLevel/Sources/MI_ky_stormDeco01_dark.uasset" 318
"D:/WholeBackUp/School/AppsWProjects/Unreal Engine 4/Projects/Sandbox/Content/SandboxLevel/Sources/MI_ky_stormDeco01_fire.uasset" 319
"D:/WholeBackUp/School/AppsWProjects/Unreal Engine 4/Projects/Sandbox/Content/SandboxLevel/Sources/MI_ky_turbulence_smoke2d_trs.uasset" 320
"D:/WholeBackUp/School/AppsWProjects/Unreal Engine 4/Projects/Sandbox/Content/SandboxLevel/Sources/MI_ky_vortex04B_4x4_two.uasset" 321
"D:/WholeBackUp/School/AppsWProjects/Unreal Engine 4/Projects/Sandbox/Content/SandboxLevel/Sources/M_ky_auraWall02.uasset" 322
"D:/WholeBackUp/School/AppsWProjects/Unreal Engine 4/Projects/Sandbox/Content/SandboxLevel/Sources/M_ky_base.uasset" 323
"D:/WholeBackUp/School/AppsWProjects/Unreal Engine 4/Projects/Sandbox/Content/SandboxLevel/Sources/M_ky_base_anime.uasset" 324
"D:/WholeBackUp/School/AppsWProjects/Unreal Engine 4/Projects/Sandbox/Content/SandboxLevel/Sources/M_ky_base_turbulence.uasset" 325
"D:/WholeBackUp/School/AppsWProjects/Unreal Engine 4/Projects/Sandbox/Content/SandboxLevel/Sources/M_ky_chantDecoA.uasset" 326
"D:/WholeBackUp/School/AppsWProjects/Unreal Engine 4/Projects/Sandbox/Content/SandboxLevel/Sources/M_ky_circle01_4x4G_nonD.uasset" 327
"D:/WholeBackUp/School/AppsWProjects/Unreal Engine 4/Projects/Sandbox/Content/SandboxLevel/Sources/M_ky_dynDust.uasset" 328
"D:/WholeBackUp/School/AppsWProjects/Unreal Engine 4/Projects/Sandbox/Content/SandboxLevel/Sources/M_ky_flare_flash.uasset" 329
"D:/WholeBackUp/School/AppsWProjects/Unreal Engine 4/Projects/Sandbox/Content/SandboxLevel/Sources/M_ky_Fresnel.uasset" 330
"D:/WholeBackUp/School/AppsWProjects/Unreal Engine 4/Projects/Sandbox/Content/SandboxLevel/Sources/M_ky_magicCircle020.uasset" 331
"D:/WholeBackUp/School/AppsWProjects/Unreal Engine 4/Projects/Sandbox/Content/SandboxLevel/Sources/M_ky_primitive_dyn2.uasset" 332
"D:/WholeBackUp/School/AppsWProjects/Unreal Engine 4/Projects/Sandbox/Content/SandboxLevel/Sources/M_ky_shockWave03_4x4.uasset" 333
"D:/WholeBackUp/School/AppsWProjects/Unreal Engine 4/Projects/Sandbox/Content/SandboxLevel/Sources/M_ky_starDust.uasset" 334
"D:/WholeBackUp/School/AppsWProjects/Unreal Engine 4/Projects/Sandbox/Content/SandboxLevel/Sources/M_ky_stone02.uasset" 335
"D:/WholeBackUp/School/AppsWProjects/Unreal Engine 4/Projects/Sandbox/Content/SandboxLevel/Sources/M_ky_storm01.uasset" 336
"D:/WholeBackUp/School/AppsWProjects/Unreal Engine 4/Projects/Sandbox/Content/SandboxLevel/Sources/M_ky_stormDeco01.uasset" 337
"D:/WholeBackUp/School/AppsWProjects/Unreal Engine 4/Projects/Sandbox/Content/SandboxLevel/Sources/M_ky_subUV01.uasset" 338
"D:/WholeBackUp/School/AppsWProjects/Unreal Engine 4/Projects/Sandbox/Content/SandboxLevel/Sources/M_ky_thunderForBeam.uasset" 339
"D:/WholeBackUp/School/AppsWProjects/Unreal Engine 4/Projects/Sandbox/Content/SandboxLevel/Sources/M_ky_vortex04_4x4.uasset" 340
"D:/WholeBackUp/School/AppsWProjects/Unreal Engine 4/Projects/Sandbox/Content/SandboxLevel/Sources/M_ky_waterDust02.uasset" 341
"D:/WholeBackUp/School/AppsWProjects/Unreal Engine 4/Projects/Sandbox/Content/SandboxLevel/Sources/SM_ky_circleDist06.uasset" 342
"D:/WholeBackUp/School/AppsWProjects/Unreal Engine 4/Projects/Sandbox/Content/SandboxLevel/Sources/SM_ky_cylinderBend07.uasset" 343
"D:/WholeBackUp/School/AppsWProjects/Unreal Engine 4/Projects/Sandbox/Content/SandboxLevel/Sources/SM_ky_quad_centerRot.uasset" 344
"D:/WholeBackUp/School/AppsWProjects/Unreal Engine 4/Projects/Sandbox/Content/SandboxLevel/Sources/SM_ky_tornado07.uasset" 345
"D:/WholeBackUp/School/AppsWProjects/Unreal Engine 4/Projects/Sandbox/Content/SandboxLevel/Sources/T_ky_aura011_4x4.uasset" 346
"D:/WholeBackUp/School/AppsWProjects/Unreal Engine 4/Projects/Sandbox/Content/SandboxLevel/Sources/T_ky_auraWallWhite_4x4.uasset" 347
"D:/WholeBackUp/School/AppsWProjects/Unreal Engine 4/Projects/Sandbox/Content/SandboxLevel/Sources/T_ky_bg.uasset" 348
"D:/WholeBackUp/School/AppsWProjects/Unreal Engine 4/Projects/Sandbox/Content/SandboxLevel/Sources/T_ky_chantDecoC.uasset" 349
"D:/WholeBackUp/School/AppsWProjects/Unreal Engine 4/Projects/Sandbox/Content/SandboxLevel/Sources/T_ky_circle01_4x4.uasset" 350
"D:/WholeBackUp/School/AppsWProjects/Unreal Engine 4/Projects/Sandbox/Content/SandboxLevel/Sources/T_ky_circle9_4x4.uasset" 351
"D:/WholeBackUp/School/AppsWProjects/Unreal Engine 4/Projects/Sandbox/Content/SandboxLevel/Sources/T_ky_circleDust.uasset" 352
"D:/WholeBackUp/School/AppsWProjects/Unreal Engine 4/Projects/Sandbox/Content/SandboxLevel/Sources/T_ky_deco_doom.uasset" 353
"D:/WholeBackUp/School/AppsWProjects/Unreal Engine 4/Projects/Sandbox/Content/SandboxLevel/Sources/T_ky_dist_noise.uasset" 354
"D:/WholeBackUp/School/AppsWProjects/Unreal Engine 4/Projects/Sandbox/Content/SandboxLevel/Sources/T_ky_dust01_4x4.uasset" 355
"D:/WholeBackUp/School/AppsWProjects/Unreal Engine 4/Projects/Sandbox/Content/SandboxLevel/Sources/T_ky_dust_longStar.uasset" 356
"D:/WholeBackUp/School/AppsWProjects/Unreal Engine 4/Projects/Sandbox/Content/SandboxLevel/Sources/T_ky_flare_a.uasset" 357
"D:/WholeBackUp/School/AppsWProjects/Unreal Engine 4/Projects/Sandbox/Content/SandboxLevel/Sources/T_ky_magicCircle020.uasset" 358
"D:/WholeBackUp/School/AppsWProjects/Unreal Engine 4/Projects/Sandbox/Content/SandboxLevel/Sources/T_ky_maskCircle.uasset" 359
"D:/WholeBackUp/School/AppsWProjects/Unreal Engine 4/Projects/Sandbox/Content/SandboxLevel/Sources/T_ky_maskRGB3.uasset" 360
"D:/WholeBackUp/School/AppsWProjects/Unreal Engine 4/Projects/Sandbox/Content/SandboxLevel/Sources/T_ky_noise.uasset" 361
"D:/WholeBackUp/School/AppsWProjects/Unreal Engine 4/Projects/Sandbox/Content/SandboxLevel/Sources/T_ky_noise13_sml_nor.uasset" 362
"D:/WholeBackUp/School/AppsWProjects/Unreal Engine 4/Projects/Sandbox/Content/SandboxLevel/Sources/T_ky_noise17.uasset" 363
"D:/WholeBackUp/School/AppsWProjects/Unreal Engine 4/Projects/Sandbox/Content/SandboxLevel/Sources/T_ky_noise3.uasset" 364
"D:/WholeBackUp/School/AppsWProjects/Unreal Engine 4/Projects/Sandbox/Content/SandboxLevel/Sources/T_ky_noise4.uasset" 365
"D:/WholeBackUp/School/AppsWProjects/Unreal Engine 4/Projects/Sandbox/Content/SandboxLevel/Sources/T_ky_noise5.uasset" 366
"D:/WholeBackUp/School/AppsWProjects/Unreal Engine 4/Projects/Sandbox/Content/SandboxLevel/Sources/T_ky_noise6.uasset" 367
"D:/WholeBackUp/School/AppsWProjects/Unreal Engine 4/Projects/Sandbox/Content/SandboxLevel/Sources/T_ky_shockWave03_4x4.uasset" 368
"D:/WholeBackUp/School/AppsWProjects/Unreal Engine 4/Projects/Sandbox/Content/SandboxLevel/Sources/T_ky_smoke03.uasset" 369
"D:/WholeBackUp/School/AppsWProjects/Unreal Engine 4/Projects/Sandbox/Content/SandboxLevel/Sources/T_ky_smoke2.uasset" 370
"D:/WholeBackUp/School/AppsWProjects/Unreal Engine 4/Projects/Sandbox/Content/SandboxLevel/Sources/T_ky_smoke_kai.uasset" 371
"D:/WholeBackUp/School/AppsWProjects/Unreal Engine 4/Projects/Sandbox/Content/SandboxLevel/Sources/T_ky_stone02_2x2.uasset" 372
"D:/WholeBackUp/School/AppsWProjects/Unreal Engine 4/Projects/Sandbox/Content/SandboxLevel/Sources/T_ky_vortex04_4x4.uasset" 373
"../../../Engine/Content/EditorMeshes/ColorCalibrator/T_ColorGrid.uasset" 374
"D:/WholeBackUp/School/AppsWProjects/Unreal Engine 4/Projects/Sandbox/Content/StarterContent/Materials/M_ColorGrid_LowSpec.uasset" 375
"D:/WholeBackUp/School/AppsWProjects/Unreal Engine 4/Projects/Sandbox/Content/StarterContent/Textures/T_Bush_N.uasset" 376
"D:/WholeBackUp/School/AppsWProjects/Unreal Engine 4/Projects/Sandbox/Content/StarterContent/Textures/T_Bush_D.uasset" 377
"D:/WholeBackUp/School/AppsWProjects/Unreal Engine 4/Projects/Sandbox/Content/StarterContent/Props/Materials/M_Bush.uasset" 378
"D:/WholeBackUp/School/AppsWProjects/Unreal Engine 4/Projects/Sandbox/Content/StarterContent/Props/SM_Bush.uasset" 379
"D:/WholeBackUp/School/AppsWProjects/Unreal Engine 4/Projects/Sandbox/Content/StarterContent/Textures/T_Chair_N.uasset" 380
"D:/WholeBackUp/School/AppsWProjects/Unreal Engine 4/Projects/Sandbox/Content/StarterContent/Textures/T_Chair_M.uasset" 381
"D:/WholeBackUp/School/AppsWProjects/Unreal Engine 4/Projects/Sandbox/Content/StarterContent/Props/Materials/M_Chair.uasset" 382
"D:/WholeBackUp/School/AppsWProjects/Unreal Engine 4/Projects/Sandbox/Content/StarterContent/Props/SM_Couch.uasset" 383
"D:/WholeBackUp/School/AppsWProjects/Unreal Engine 4/Projects/Sandbox/Content/StarterContent/Textures/T_Door_N.uasset" 384
"D:/WholeBackUp/School/AppsWProjects/Unreal Engine 4/Projects/Sandbox/Content/StarterContent/Textures/T_Door_M.uasset" 385
"D:/WholeBackUp/School/AppsWProjects/Unreal Engine 4/Projects/Sandbox/Content/StarterContent/Props/Materials/M_Door.uasset" 386
"D:/WholeBackUp/School/AppsWProjects/Unreal Engine 4/Projects/Sandbox/Content/StarterContent/Materials/M_Glass.uasset" 387
"D:/WholeBackUp/School/AppsWProjects/Unreal Engine 4/Projects/Sandbox/Content/StarterContent/Props/SM_Door.uasset" 388
"D:/WholeBackUp/School/AppsWProjects/Unreal Engine 4/Projects/Sandbox/Content/StarterContent/Props/Materials/M_MaterialSphere_Plain.uasset" 389
"D:/WholeBackUp/School/AppsWProjects/Unreal Engine 4/Projects/Sandbox/Content/StarterContent/Props/Materials/M_MaterialSphere.uasset" 390
"D:/WholeBackUp/School/AppsWProjects/Unreal Engine 4/Projects/Sandbox/Content/StarterContent/Props/SM_MatPreviewMesh_02.uasset" 391
"D:/WholeBackUp/School/AppsWProjects/Unreal Engine 4/Projects/Sandbox/Content/StarterContent/Textures/T_RockMesh_N.uasset" 392
"D:/WholeBackUp/School/AppsWProjects/Unreal Engine 4/Projects/Sandbox/Content/StarterContent/Textures/T_RockMesh_M.uasset" 393
"D:/WholeBackUp/School/AppsWProjects/Unreal Engine 4/Projects/Sandbox/Content/StarterContent/Textures/T_Detail_Rocky_N.uasset" 394
"D:/WholeBackUp/School/AppsWProjects/Unreal Engine 4/Projects/Sandbox/Content/StarterContent/Textures/T_Rock_Basalt_D.uasset" 395
"../../../Engine/Content/Functions/Engine_MaterialFunctions02/Utility/BlendAngleCorrectedNormals.uasset" 396
"D:/WholeBackUp/School/AppsWProjects/Unreal Engine 4/Projects/Sandbox/Content/StarterContent/Props/Materials/M_Rock.uasset" 397
"D:/WholeBackUp/School/AppsWProjects/Unreal Engine 4/Projects/Sandbox/Content/StarterContent/Props/SM_Rock.uasset" 398
"D:/WholeBackUp/School/AppsWProjects/Unreal Engine 4/Projects/Sandbox/Content/StarterContent/Textures/T_Shelf_N.uasset" 399
"D:/WholeBackUp/School/AppsWProjects/Unreal Engine 4/Projects/Sandbox/Content/StarterContent/Textures/T_Shelf_M.uasset" 400
"D:/WholeBackUp/School/AppsWProjects/Unreal Engine 4/Projects/Sandbox/Content/StarterContent/Props/Materials/M_Shelf.uasset" 401
"D:/WholeBackUp/School/AppsWProjects/Unreal Engine 4/Projects/Sandbox/Content/StarterContent/Props/SM_Shelf.uasset" 402
"D:/WholeBackUp/School/AppsWProjects/Unreal Engine 4/Projects/Sandbox/Content/StarterContent/Props/SM_Stairs.uasset" 403
"D:/WholeBackUp/School/AppsWProjects/Unreal Engine 4/Projects/Sandbox/Content/StarterContent/Shapes/Shape_Cone.uasset" 404
"D:/WholeBackUp/School/AppsWProjects/Unreal Engine 4/Projects/Sandbox/Content/StarterContent/Shapes/Shape_Cylinder.uasset" 405
"D:/WholeBackUp/School/AppsWProjects/Unreal Engine 4/Projects/Sandbox/Content/StarterContent/Shapes/Shape_NarrowCapsule.uasset" 406
"D:/WholeBackUp/School/AppsWProjects/Unreal Engine 4/Projects/Sandbox/Content/StarterContent/Shapes/Shape_Pipe.uasset" 407
"D:/WholeBackUp/School/AppsWProjects/Unreal Engine 4/Projects/Sandbox/Content/StarterContent/Shapes/Shape_Pipe_180.uasset" 408
"D:/WholeBackUp/School/AppsWProjects/Unreal Engine 4/Projects/Sandbox/Content/StarterContent/Shapes/Shape_Pipe_90.uasset" 409
"D:/WholeBackUp/School/AppsWProjects/Unreal Engine 4/Projects/Sandbox/Content/StarterContent/Shapes/Shape_Plane.uasset" 410
"D:/WholeBackUp/School/AppsWProjects/Unreal Engine 4/Projects/Sandbox/Content/StarterContent/Shapes/Shape_Torus.uasset" 411
"D:/WholeBackUp/School/AppsWProjects/Unreal Engine 4/Projects/Sandbox/Content/StarterContent/Shapes/Shape_Trim.uasset" 412
"D:/WholeBackUp/School/AppsWProjects/Unreal Engine 4/Projects/Sandbox/Content/StarterContent/Shapes/Shape_Trim_90_In.uasset" 413
"D:/WholeBackUp/School/AppsWProjects/Unreal Engine 4/Projects/Sandbox/Content/StarterContent/Shapes/Shape_Trim_90_Out.uasset" 414
"D:/WholeBackUp/School/AppsWProjects/Unreal Engine 4/Projects/Sandbox/Content/StarterContent/Shapes/Shape_TriPyramid.uasset" 415
"D:/WholeBackUp/School/AppsWProjects/Unreal Engine 4/Projects/Sandbox/Content/StarterContent/Shapes/Shape_Tube.uasset" 416
"D:/WholeBackUp/School/AppsWProjects/Unreal Engine 4/Projects/Sandbox/Content/StarterContent/Shapes/Shape_Wedge_A.uasset" 417
"D:/WholeBackUp/School/AppsWProjects/Unreal Engine 4/Projects/Sandbox/Content/StarterContent/Shapes/Shape_Wedge_B.uasset" 418
"D:/WholeBackUp/School/AppsWProjects/Unreal Engine 4/Projects/Sandbox/Content/StarterContent/Shapes/Shape_WideCapsule.uasset" 419
"../../../Engine/Content/Animation/DefaultAnimBoneCompressionSettings.uasset" 420
"../../../Engine/Content/Animation/DefaultAnimCurveCompressionSettings.uasset" 421
"../../../Engine/Content/ArtTools/RenderToTexture/Meshes/S_1_Unit_Plane.uasset" 422
"../../../Engine/Content/BasicShapes/Plane.uasset" 423
"../../../Engine/Content/EditorLandscapeResources/DataLayer.uasset" 424
"../../../Engine/Content/EditorLandscapeResources/DefaultAlphaTexture.uasset" 425
"../../../Engine/Content/EditorMaterials/MAT_Groups_Toggle.uasset" 426
"../../../Engine/Content/EditorMaterials/MAT_Groups_Visibility.uasset" 427
"../../../Engine/Content/EditorMaterials/PreviewShadowIndicator.uasset" 428
"../../../Engine/Content/EditorMaterials/PreviewShadowIndicatorMaterial.uasset" 429
"../../../Engine/Content/EditorMaterials/MatineeGroups/MAT_ColorTrack.uasset" 430
"../../../Engine/Content/EditorMaterials/MatineeGroups/MAT_Groups_Anim.uasset" 431
"../../../Engine/Content/EditorMaterials/MatineeGroups/MAT_Groups_AudioMaster.uasset" 432
"../../../Engine/Content/EditorMaterials/MatineeGroups/MAT_Groups_Director.uasset" 433
"../../../Engine/Content/EditorMaterials/MatineeGroups/MAT_Groups_Event.uasset" 434
"../../../Engine/Content/EditorMaterials/MatineeGroups/MAT_Groups_Fade.uasset" 435
"../../../Engine/Content/EditorMaterials/MatineeGroups/MAT_Groups_Float.uasset" 436
"../../../Engine/Content/EditorMaterials/MatineeGroups/MAT_Groups_Move.uasset" 437
"../../../Engine/Content/EditorMaterials/MatineeGroups/MAT_Groups_Slomo.uasset" 438
"../../../Engine/Content/EditorMaterials/MatineeGroups/MAT_Groups_Sound.uasset" 439
"../../../Engine/Content/EditorMaterials/MatineeGroups/MAT_Groups_Vector.uasset" 440
"../../../Engine/Content/EditorMaterials/ParticleSystems/PSysThumbnail_NoImage.uasset" 441
"../../../Engine/Content/EditorMaterials/ParticleSystems/PSysThumbnail_OOD.uasset" 442
"../../../Engine/Content/EditorMaterials/Camera/CineMat.uasset" 443
"../../../Engine/Content/EditorMaterials/Camera/MI_CineMat_Rig.uasset" 444
"../../../Engine/Content/EditorMeshes/Camera/SM_CraneRig_Arm.uasset" 445
"../../../Engine/Content/EditorMeshes/Camera/SM_CraneRig_Base.uasset" 446
"../../../Engine/Content/EditorMeshes/Camera/SM_CraneRig_Body.uasset" 447
"../../../Engine/Content/EditorMeshes/Camera/SM_CraneRig_Mount.uasset" 448
"../../../Engine/Content/EditorMeshes/Camera/SM_RailRig_Mount.uasset" 449
"../../../Engine/Content/EditorMeshes/Camera/SM_RailRig_Track.uasset" 450
"../../../Engine/Content/EditorResources/BSPVertex.uasset" 451
"../../../Engine/Content/EditorResources/EmptyActor.uasset" 452
"../../../Engine/Content/EditorResources/S_Actor.uasset" 453
"../../../Engine/Content/EditorResources/S_Note.uasset" 454
"../../../Engine/Content/EditorResources/S_Solver.uasset" 455
"../../../Engine/Content/EditorResources/S_Terrain.uasset" 456
"../../../Engine/Content/EditorResources/S_Trigger.uasset" 457
"../../../Engine/Content/EditorResources/AudioIcons/S_AudioComponent.uasset" 458
"../../../Engine/Content/EditorResources/AudioIcons/S_AudioComponent_AutoActivate.uasset" 459
"../../../Engine/Content/EditorResources/LightIcons/S_LightError.uasset" 460
"../../../Engine/Content/EditorResources/SequenceRecorder/Countdown.uasset" 461
"../../../Engine/Content/EditorResources/SequenceRecorder/RecordingIndicator.uasset" 462
"../../../Engine/Content/EngineDamageTypes/DmgTypeBP_Environmental.uasset" 463
"../../../Engine/Content/EngineDebugMaterials/DebugEditorMaterial.uasset" 464
"../../../Engine/Content/EngineDebugMaterials/DebugMeshMaterial.uasset" 465
"../../../Engine/Content/EngineDebugMaterials/M_SimpleUnlitTranslucent.uasset" 466
"../../../Engine/Content/EngineDebugMaterials/VolumeToRender.uasset" 467
"../../../Engine/Content/Functions/Engine_MaterialFunctions02/Utility/CameraDirectionVector.uasset" 468
"../../../Engine/Content/EngineDebugMaterials/M_VolumeRenderSphereTracePP.uasset" 469
"../../../Engine/Content/Functions/Engine_MaterialFunctions01/Shading/ConvertFromDiffSpec.uasset" 470
"../../../Engine/Content/EngineDebugMaterials/VertexColorMaterial.uasset" 471
"../../../Engine/Content/EngineDebugMaterials/WireframeMaterial.uasset" 472
"../../../Engine/Content/EngineFonts/Faces/RobotoRegular.uasset" 473
"../../../Engine/Content/EngineFonts/Faces/RobotoLight.uasset" 474
"../../../Engine/Content/EngineFonts/Faces/RobotoItalic.uasset" 475
"../../../Engine/Content/EngineFonts/Faces/RobotoBoldItalic.uasset" 476
"../../../Engine/Content/EngineFonts/Faces/RobotoBold.uasset" 477
"../../../Engine/Content/EngineFonts/Faces/DroidSansFallback.uasset" 478
"../../../Engine/Content/EngineFonts/Roboto.uasset" 479
"../../../Engine/Content/EngineMaterials/BaseFlattenNormalMap.uasset" 480
"../../../Engine/Content/EngineMaterials/BaseFlattenGrayscaleMap.uasset" 481
"../../../Engine/Content/EngineMaterials/BaseFlattenEmissiveMap.uasset" 482
"../../../Engine/Content/EngineMaterials/BaseFlattenDiffuseMap.uasset" 483
"../../../Engine/Content/EngineMaterials/BaseFlattenMaterial.uasset" 484
"../../../Engine/Content/EngineMaterials/BlueNoise.uasset" 485
"../../../Engine/Content/EngineMaterials/DefaultBloomKernel.uasset" 486
"../../../Engine/Content/EngineMaterials/DefaultBokeh.uasset" 487
"../../../Engine/Content/EngineMaterials/DefaultDiffuse.uasset" 488
"../../../Engine/Content/EngineMaterials/DefaultDeferredDecalMaterial.uasset" 489
"../../../Engine/Content/EngineMaterials/DefaultLightFunctionMaterial.uasset" 490
"../../../Engine/Content/EngineMaterials/DefaultPhysicalMaterial.uasset" 491
"../../../Engine/Content/Functions/Engine_MaterialFunctions02/Utility/BreakOutFloat2Components.uasset" 492
"../../../Engine/Content/EngineMaterials/DefaultPostProcessMaterial.uasset" 493
"../../../Engine/Content/EngineFonts/RobotoDistanceField.uasset" 494
"../../../Engine/Content/EngineMaterials/DefaultTextMaterialOpaque.uasset" 495
"../../../Engine/Content/EngineMaterials/DefaultWhiteGrid.uasset" 496
"../../../Engine/Content/EngineMaterials/DefaultWhiteGrid_Low.uasset" 497
"../../../Engine/Content/EngineMaterials/EmissiveMeshMaterial.uasset" 498
"../../../Engine/Content/EngineMaterials/GizmoMaterial.uasset" 499
"../../../Engine/Content/EngineMaterials/MiniFont.uasset" 500
"../../../Engine/Content/EngineMaterials/InvalidLightmapSettings.uasset" 501
"../../../Engine/Content/EngineMaterials/M_InvalidLightmapSettings.uasset" 502
"../../../Engine/Content/Functions/Engine_MaterialFunctions02/WorldPositionOffset/CameraOffset.uasset" 503
"../../../Engine/Content/EngineMaterials/PhAT_JointLimitMaterial.uasset" 504
"../../../Engine/Content/EngineMaterials/PreintegratedSkinBRDF.uasset" 505
"../../../Engine/Content/EngineMaterials/RemoveSurfaceMaterial.uasset" 506
"../../../Engine/Content/EngineMaterials/WeightMapPlaceholderTexture.uasset" 507
"../../../Engine/Content/EngineResources/WhiteSquareTexture.uasset" 508
"../../../Engine/Content/EngineMaterials/Widget3DPassThrough.uasset" 509
"../../../Engine/Content/EngineMaterials/Widget3DPassThrough_Masked.uasset" 510
"../../../Engine/Content/EngineMaterials/Widget3DPassThrough_Opaque.uasset" 511
"../../../Engine/Content/EngineMaterials/Widget3DPassThrough_Masked_OneSided.uasset" 512
"../../../Engine/Content/EngineMaterials/Widget3DPassThrough_Opaque_OneSided.uasset" 513
"../../../Engine/Content/EngineMaterials/Widget3DPassThrough_Translucent.uasset" 514
"../../../Engine/Content/EngineMaterials/Widget3DPassThrough_Translucent_OneSided.uasset" 515
"../../../Engine/Content/EngineMeshes/Cylinder.uasset" 516
"../../../Engine/Content/EngineMeshes/Sphere.uasset" 517
"../../../Engine/Content/EngineResources/DefaultTextureCube.uasset" 518
"../../../Engine/Content/EngineResources/DefaultVolumeTexture2D.uasset" 519
"../../../Engine/Content/EngineResources/DefaultVolumeTexture.uasset" 520
"../../../Engine/Content/EngineResources/GradientTexture0.uasset" 521
"../../../Engine/Content/EngineSky/VolumetricClouds/T_NoiseShape64.uasset" 522
"../../../Engine/Content/EngineSky/VolumetricClouds/T_VolumeNoiseShape64.uasset" 523
"../../../Engine/Content/EngineSky/VolumetricClouds/T_NoiseErosion.uasset" 524
"../../../Engine/Content/EngineSky/VolumetricClouds/T_VolumeNoiseErosion32.uasset" 525
"../../../Engine/Content/EngineSky/VolumetricClouds/CloudWeatherTexture.uasset" 526
"../../../Engine/Content/EngineSky/VolumetricClouds/CloudGradientTexture.uasset" 527
"../../../Engine/Content/Functions/Engine_MaterialFunctions02/Utility/MakeFloat2.uasset" 528
"../../../Engine/Content/EngineSky/VolumetricClouds/m_SimpleVolumetricCloud.uasset" 529
"../../../Engine/Content/EngineSky/VolumetricClouds/m_SimpleVolumetricCloud_Inst.uasset" 530
"../../../Engine/Content/EngineSounds/Master.uasset" 531
"../../../Engine/Content/Functions/Engine_MaterialFunctions01/Shading/PowerToRoughness.uasset" 532
"../../../Engine/Content/Maps/Templates/Thumbnails/Default.uasset" 533
"../../../Engine/Content/Maps/Templates/Thumbnails/TimeOfDay.uasset" 534
"../../../Engine/Content/Maps/Templates/Thumbnails/VR-Basic.uasset" 535
"../../../Engine/Content/MobileResources/T_MobileControls_texture.uasset" 536
"../../../Engine/Content/MobileResources/T_MobileMenu2.uasset" 537
"../../../Engine/Content/MobileResources/HUD/AnalogHat.uasset" 538
"../../../Engine/Content/MobileResources/HUD/VirtualJoystick_Thumb.uasset" 539
"../../../Engine/Content/MobileResources/HUD/VirtualJoystick_Background.uasset" 540
"../../../Engine/Content/MobileResources/HUD/DefaultVirtualJoysticks.uasset" 541
"../../../Engine/Content/MobileResources/HUD/LeftVirtualJoystickOnly.uasset" 542
"../../../Engine/Content/MobileResources/HUD/MobileHUDButton1_off.uasset" 543
"../../../Engine/Content/MobileResources/HUD/MobileHUDButton1_on.uasset" 544
"../../../Engine/Content/MobileResources/HUD/MobileHUDButton2_off.uasset" 545
"../../../Engine/Content/MobileResources/HUD/MobileHUDButton2_on.uasset" 546
"../../../Engine/Content/MobileResources/HUD/MobileHUDButton3.uasset" 547
"../../../Engine/Content/MobileResources/HUD/MobileHUDButtonFire.uasset" 548
"../../../Engine/Content/MobileResources/HUD/MobileHUDDirectionPad.uasset" 549
"../../../Engine/Content/MobileResources/HUD/MobileHUDDirectionPad2.uasset" 550
"../../../Engine/Content/MobileResources/HUD/MobileHUDDirectionPad3.uasset" 551
"../../../Engine/Content/MobileResources/HUD/MobileHUDDirectionStick.uasset" 552
"../../../Engine/Content/MobileResources/HUD/T_Castle_ThumbstickInner.uasset" 553
"../../../Engine/Content/MobileResources/HUD/T_Castle_ThumbstickOutter.uasset" 554
"../../../Engine/Content/Tutorial/ContentIntroCurve.uasset" 555
"../../../Engine/Content/Tutorial/Basics/LevelEditorAttract.uasset" 556
"../../../Engine/Content/VREditor/TransformGizmo/TranslucentTransformGizmoMaterial.uasset" 557
"../../../Engine/Content/VREditor/LaserPointer/VR_LaserPower_01.uasset" 558
"../../../Engine/Content/VREditor/TransformGizmo/TransformGizmoMaterial.uasset" 559
"../../../Engine/Content/VREditor/TransformGizmo/BoundingBoxCorner.uasset" 560
"../../../Engine/Content/VREditor/TransformGizmo/BoundingBoxEdge.uasset" 561
"../../../Engine/Content/VREditor/TransformGizmo/PlaneTranslationHandle.uasset" 562
"../../../Engine/Content/VREditor/TransformGizmo/Xray.uasset" 563
"../../../Engine/Content/VREditor/TransformGizmo/Main.uasset" 564
"../../../Engine/Content/VREditor/TransformGizmo/SM_Sequencer_Key.uasset" 565
"../../../Engine/Content/VREditor/TransformGizmo/SM_Sequencer_Node.uasset" 566
"../../Plugins/2D/Paper2D/Content/PlaceholderTextures/DummySpriteTexture.uasset" 567
"../../Plugins/2D/Paper2D/Content/DummySprite.uasset" 568
"../../Plugins/2D/Paper2D/Content/DefaultPaperTerrainMaterial.uasset" 569
"../../Plugins/2D/Paper2D/Content/DefaultSpriteMaterial.uasset" 570
"../../Plugins/2D/Paper2D/Content/MaskedUnlitSpriteMaterial.uasset" 571
"../../Plugins/2D/Paper2D/Content/OpaqueUnlitSpriteMaterial.uasset" 572
"../../../Engine/Content/Functions/Engine_MaterialFunctions02/Utility/BreakOutFloat3Components.uasset" 573
"../../Plugins/Editor/SpeedTreeImporter/Content/SpeedTree9/UnpackInteger3.uasset" 574
"../../Plugins/Editor/SpeedTreeImporter/Content/SpeedTree9/UnpackDirection.uasset" 575
"../../Plugins/Editor/SpeedTreeImporter/Content/SpeedTree9/game_wind_noise.uasset" 576
"../../../Engine/Content/Functions/Engine_MaterialFunctions02/SafeNormalize.uasset" 577
"../../Plugins/Editor/SpeedTreeImporter/Content/SpeedTree9/SpeedTreeWindMotion.uasset" 578
"../../Plugins/Editor/SpeedTreeImporter/Content/SpeedTree9/SpeedTreeBranchMotion.uasset" 579
"../../../Engine/Content/Functions/Engine_MaterialFunctions02/ObjectLocalBounds.uasset" 580
"../../../Engine/Content/Functions/Engine_MaterialFunctions02/UVs/BoundingBoxBased_0-1_UVW.uasset" 581
"../../Plugins/Editor/SpeedTreeImporter/Content/SpeedTree9/SpeedTreeWind.uasset" 582
"../../Plugins/Editor/SpeedTreeImporter/Content/SpeedTree9/SpeedTreeBillboard.uasset" 583
"../../Plugins/Editor/SpeedTreeImporter/Content/SpeedTree9/SpeedTreeBillboardMaster.uasset" 584
"../../Plugins/Editor/SpeedTreeImporter/Content/SpeedTree9/SpeedTreeCameraFacing.uasset" 585
"../../Plugins/Editor/SpeedTreeImporter/Content/SpeedTree9/SpeedTreeMaster.uasset" 586
"../../../Engine/Content/BasicShapes/Cylinder.uasset" 587
"../../../Engine/Content/ArtTools/RenderToTexture/Materials/Debug/M_Emissive_Color.uasset" 588
"../../Plugins/Lumin/MagicLeapPassableWorld/Content/MagicLeapARPinInfoActor.uasset" 589
"../../../Engine/Content/Functions/Engine_MaterialFunctions02/Utility/BreakOutFloat4Components.uasset" 590
"../../../Engine/Content/Functions/Engine_MaterialFunctions02/Utility/MakeFloat3.uasset" 591
"../../Plugins/Runtime/Oculus/OculusVR/Content/Materials/OculusMR_ChromaKey.uasset" 592
"../../Plugins/Runtime/Oculus/OculusVR/Content/Materials/OculusMR_OpaqueColoredMaterial.uasset" 593
"../../Plugins/Runtime/Oculus/OculusVR/Content/Materials/PokeAHoleMaterial.uasset" 594
"D:/WholeBackUp/School/AppsWProjects/Unreal Engine 4/Projects/Sandbox/Content/Geometry/Meshes/1M_Cube.uasset" 595
"../../../Engine/Content/EngineSky/T_Sky_Stars.uasset" 596
"../../../Engine/Content/EngineSky/T_Sky_Clouds_M.uasset" 597
"../../../Engine/Content/EngineSky/T_Sky_Blue.uasset" 598
"../../../Engine/Content/EngineSky/M_Sky_Panning_Clouds2.uasset" 599
"../../../Engine/Content/Functions/Engine_MaterialFunctions03/Procedurals/ComputeFilterWidth.uasset" 600
"../../../Engine/Content/EngineMaterials/AntiAliasedTextMaterialTranslucent.uasset" 601
"D:/WholeBackUp/School/AppsWProjects/Unreal Engine 4/Projects/Sandbox/Content/FirstPersonBP/Maps/FirstPersonExampleMap_BuiltData.uasset" 602
"../../../Engine/Content/EngineSky/SM_SkySphere.uasset" 603
"../../../Engine/Content/EngineSky/C_Sky_Zenith_Color.uasset" 604
"../../../Engine/Content/EngineSky/C_Sky_Horizon_Color.uasset" 605
"../../../Engine/Content/EngineSky/C_Sky_Cloud_Color.uasset" 606
"../../../Engine/Content/EngineSky/BP_Sky_Sphere.uasset" 607
"D:/WholeBackUp/School/AppsWProjects/Unreal Engine 4/Projects/Sandbox/Content/FirstPerson/Textures/FirstPersonCrosshair.uasset" 608
"D:/WholeBackUp/School/AppsWProjects/Unreal Engine 4/Projects/Sandbox/Content/FirstPersonBP/Blueprints/FirstPersonHUD.uasset" 609
"D:/WholeBackUp/School/AppsWProjects/Unreal Engine 4/Projects/Sandbox/Content/FirstPerson/FPWeapon/Mesh/SK_FPGun_Skeleton.uasset" 610
"D:/WholeBackUp/School/AppsWProjects/Unreal Engine 4/Projects/Sandbox/Content/FirstPerson/FPWeapon/Textures/T_FPGun_N.uasset" 611
"D:/WholeBackUp/School/AppsWProjects/Unreal Engine 4/Projects/Sandbox/Content/FirstPerson/FPWeapon/Textures/T_FPGun_M.uasset" 612
"D:/WholeBackUp/School/AppsWProjects/Unreal Engine 4/Projects/Sandbox/Content/FirstPerson/FPWeapon/Materials/MaterialLayers/T_ML_Aluminum01_N.uasset" 613
"D:/WholeBackUp/School/AppsWProjects/Unreal Engine 4/Projects/Sandbox/Content/FirstPerson/FPWeapon/Materials/MaterialLayers/T_ML_Aluminum01.uasset" 614
"D:/WholeBackUp/School/AppsWProjects/Unreal Engine 4/Projects/Sandbox/Content/FirstPerson/FPWeapon/Materials/MaterialLayers/ML_SoftMetal_UE4.uasset" 615
"D:/WholeBackUp/School/AppsWProjects/Unreal Engine 4/Projects/Sandbox/Content/FirstPerson/FPWeapon/Materials/MaterialLayers/ML_Screen.uasset" 616
"D:/WholeBackUp/School/AppsWProjects/Unreal Engine 4/Projects/Sandbox/Content/FirstPerson/FPWeapon/Materials/MaterialLayers/ML_Plastic_Shiny_Beige.uasset" 617
"D:/WholeBackUp/School/AppsWProjects/Unreal Engine 4/Projects/Sandbox/Content/FirstPerson/FPWeapon/Materials/MaterialLayers/T_ML_Rubber_Blue_01_N.uasset" 618
"D:/WholeBackUp/School/AppsWProjects/Unreal Engine 4/Projects/Sandbox/Content/FirstPerson/FPWeapon/Materials/MaterialLayers/T_ML_Rubber_Blue_01_D.uasset" 619
"D:/WholeBackUp/School/AppsWProjects/Unreal Engine 4/Projects/Sandbox/Content/FirstPerson/FPWeapon/Materials/MaterialLayers/ML_GlossyBlack_Latex_UE4.uasset" 620
"../../../Engine/Content/Functions/MaterialLayerFunctions/MatLayerBlend_Simple.uasset" 621
"../../../Engine/Content/Functions/MaterialLayerFunctions/MatLayerBlend_NormalBlend.uasset" 622
"D:/WholeBackUp/School/AppsWProjects/Unreal Engine 4/Projects/Sandbox/Content/FirstPerson/FPWeapon/Materials/M_FPGun.uasset" 623
"D:/WholeBackUp/School/AppsWProjects/Unreal Engine 4/Projects/Sandbox/Content/FirstPerson/FPWeapon/Mesh/SK_FPGun.uasset" 624
"D:/WholeBackUp/School/AppsWProjects/Unreal Engine 4/Projects/Sandbox/Content/FirstPerson/Character/Mesh/SK_Mannequin_Arms_PhysicsAsset.uasset" 625
"D:/WholeBackUp/School/AppsWProjects/Unreal Engine 4/Projects/Sandbox/Content/FirstPerson/Character/Textures/UE4_Mannequin_MAT_MASKA.uasset" 626
"D:/WholeBackUp/School/AppsWProjects/Unreal Engine 4/Projects/Sandbox/Content/FirstPerson/Character/Textures/UE4_Mannequin__normals.uasset" 627
"D:/WholeBackUp/School/AppsWProjects/Unreal Engine 4/Projects/Sandbox/Content/FirstPerson/Character/Materials/MaterialLayers/T_ML_Aluminum01_N.uasset" 628
"D:/WholeBackUp/School/AppsWProjects/Unreal Engine 4/Projects/Sandbox/Content/FirstPerson/Character/Materials/MaterialLayers/T_ML_Aluminum01.uasset" 629
"D:/WholeBackUp/School/AppsWProjects/Unreal Engine 4/Projects/Sandbox/Content/FirstPerson/Character/Materials/MaterialLayers/ML_SoftMetal_UE4.uasset" 630
"D:/WholeBackUp/School/AppsWProjects/Unreal Engine 4/Projects/Sandbox/Content/FirstPerson/Character/Materials/MaterialLayers/ML_Plastic_Shiny_Beige_LOGO.uasset" 631
"D:/WholeBackUp/School/AppsWProjects/Unreal Engine 4/Projects/Sandbox/Content/FirstPerson/Character/Materials/MaterialLayers/ML_Plastic_Shiny_Beige.uasset" 632
"D:/WholeBackUp/School/AppsWProjects/Unreal Engine 4/Projects/Sandbox/Content/FirstPerson/Character/Materials/MaterialLayers/T_ML_Rubber_Blue_01_N.uasset" 633
"D:/WholeBackUp/School/AppsWProjects/Unreal Engine 4/Projects/Sandbox/Content/FirstPerson/Character/Materials/MaterialLayers/T_ML_Rubber_Blue_01_D.uasset" 634
"D:/WholeBackUp/School/AppsWProjects/Unreal Engine 4/Projects/Sandbox/Content/FirstPerson/Character/Materials/MaterialLayers/ML_GlossyBlack_Latex_UE4.uasset" 635
"D:/WholeBackUp/School/AppsWProjects/Unreal Engine 4/Projects/Sandbox/Content/FirstPerson/Character/Materials/M_UE4Man_Body.uasset" 636
"D:/WholeBackUp/School/AppsWProjects/Unreal Engine 4/Projects/Sandbox/Content/FirstPerson/Character/Mesh/SK_Mannequin_Arms.uasset" 637
"D:/WholeBackUp/School/AppsWProjects/Unreal Engine 4/Projects/Sandbox/Content/FirstPerson/Audio/FirstPersonTemplateWeaponFire02.uasset" 638
"D:/WholeBackUp/School/AppsWProjects/Unreal Engine 4/Projects/Sandbox/Content/FirstPerson/Animations/FirstPerson_Fire.uasset" 639
"D:/WholeBackUp/School/AppsWProjects/Unreal Engine 4/Projects/Sandbox/Content/FirstPerson/Animations/FirstPersonFire_Montage.uasset" 640
"D:/WholeBackUp/School/AppsWProjects/Unreal Engine 4/Projects/Sandbox/Content/FirstPersonBP/Blueprints/FirstPersonCharacter.uasset" 641
"D:/WholeBackUp/School/AppsWProjects/Unreal Engine 4/Projects/Sandbox/Content/FirstPersonBP/Blueprints/FirstPersonGameMode.uasset" 642
"D:/WholeBackUp/School/AppsWProjects/Unreal Engine 4/Projects/Sandbox/Content/FirstPerson/Meshes/CubeMaterialOverride.uasset" 643
"D:/WholeBackUp/School/AppsWProjects/Unreal Engine 4/Projects/Sandbox/Content/FirstPersonBP/Maps/FirstPersonExampleMap.umap" 644
"D:/WholeBackUp/School/AppsWProjects/Unreal Engine 4/Projects/Sandbox/Content/StarterContent/Audio/Fire01.uasset" 645
"D:/WholeBackUp/School/AppsWProjects/Unreal Engine 4/Projects/Sandbox/Content/StarterContent/Audio/Collapse02.uasset" 646
"../../../Engine/Content/BasicShapes/Cone.uasset" 647
"D:/WholeBackUp/School/AppsWProjects/Unreal Engine 4/Projects/Sandbox/Content/SandboxLevel/Sandbox_BuiltData.uasset" 648
"D:/WholeBackUp/School/AppsWProjects/Unreal Engine 4/Projects/Sandbox/Content/SandboxLevel/Sandbox.umap" 649
"../../../Engine/Content/EditorMeshes/ColorCalibrator/M_GreyBall.uasset" 650
"../../../Engine/Content/EditorMeshes/ColorCalibrator/Color_checker.uasset" 651
"../../../Engine/Content/EditorMeshes/ColorCalibrator/M_ColorGrid.uasset" 652
"../../../Engine/Content/EditorMeshes/ColorCalibrator/M_ClearCoatBlack.uasset" 653
"../../../Engine/Content/EditorMeshes/ColorCalibrator/M_ClearCoat.uasset" 654
"../../../Engine/Content/EditorMeshes/ColorCalibrator/M_ChromeBall.uasset" 655
"../../../Engine/Content/EditorMeshes/ColorCalibrator/SM_ColorCalibrator.uasset" 656
"D:/WholeBackUp/School/AppsWProjects/Unreal Engine 4/Projects/Sandbox/Content/StarterContent/Maps/Advanced_Lighting_BuiltData.uasset" 657
"D:/WholeBackUp/School/AppsWProjects/Unreal Engine 4/Projects/Sandbox/Content/StarterContent/HDRI/HDRI_Epic_Courtyard_Daylight.uasset" 658
"../../../Engine/Content/MapTemplates/Sky/DaylightAmbientCubemap.uasset" 659
"D:/WholeBackUp/School/AppsWProjects/Unreal Engine 4/Projects/Sandbox/Content/StarterContent/Blueprints/Assets/M_LightStage_Skybox_Master.uasset" 660
"D:/WholeBackUp/School/AppsWProjects/Unreal Engine 4/Projects/Sandbox/Content/StarterContent/Blueprints/Assets/M_LightStage_Skybox_HDRI.uasset" 661
"D:/WholeBackUp/School/AppsWProjects/Unreal Engine 4/Projects/Sandbox/Content/StarterContent/Blueprints/Assets/M_LightStage_Arrows.uasset" 662
"D:/WholeBackUp/School/AppsWProjects/Unreal Engine 4/Projects/Sandbox/Content/StarterContent/Blueprints/Assets/SM_Arrows.uasset" 663
"../../../Engine/Content/EditorMaterials/Thumbnails/SkySphereMaterial.uasset" 664
"D:/WholeBackUp/School/AppsWProjects/Unreal Engine 4/Projects/Sandbox/Content/StarterContent/Blueprints/Assets/Skybox.uasset" 665
"D:/WholeBackUp/School/AppsWProjects/Unreal Engine 4/Projects/Sandbox/Content/StarterContent/Blueprints/Assets/M_LightStage_Skybox_Black.uasset" 666
"D:/WholeBackUp/School/AppsWProjects/Unreal Engine 4/Projects/Sandbox/Content/StarterContent/Blueprints/Assets/SunlightColorLUT.uasset" 667
"D:/WholeBackUp/School/AppsWProjects/Unreal Engine 4/Projects/Sandbox/Content/StarterContent/Blueprints/Assets/FogBrightnessLUT.uasset" 668
"D:/WholeBackUp/School/AppsWProjects/Unreal Engine 4/Projects/Sandbox/Content/StarterContent/Blueprints/BP_LightStudio.uasset" 669
"D:/WholeBackUp/School/AppsWProjects/Unreal Engine 4/Projects/Sandbox/Content/StarterContent/Materials/M_AssetPlatform.uasset" 670
"D:/WholeBackUp/School/AppsWProjects/Unreal Engine 4/Projects/Sandbox/Content/StarterContent/Architecture/SM_AssetPlatform.uasset" 671
"D:/WholeBackUp/School/AppsWProjects/Unreal Engine 4/Projects/Sandbox/Content/StarterContent/Maps/Advanced_Lighting.umap" 672
"D:/WholeBackUp/School/AppsWProjects/Unreal Engine 4/Projects/Sandbox/Content/StarterContent/Textures/T_TableRound_N.uasset" 673
"D:/WholeBackUp/School/AppsWProjects/Unreal Engine 4/Projects/Sandbox/Content/StarterContent/Textures/T_TableRound_M.uasset" 674
"D:/WholeBackUp/School/AppsWProjects/Unreal Engine 4/Projects/Sandbox/Content/StarterContent/Props/Materials/M_TableRound.uasset" 675
"D:/WholeBackUp/School/AppsWProjects/Unreal Engine 4/Projects/Sandbox/Content/StarterContent/Props/SM_TableRound.uasset" 676
"D:/WholeBackUp/School/AppsWProjects/Unreal Engine 4/Projects/Sandbox/Content/StarterContent/Textures/T_Statue_N.uasset" 677
"D:/WholeBackUp/School/AppsWProjects/Unreal Engine 4/Projects/Sandbox/Content/StarterContent/Textures/T_Statue_M.uasset" 678
"D:/WholeBackUp/School/AppsWProjects/Unreal Engine 4/Projects/Sandbox/Content/StarterContent/Props/Materials/M_Statue.uasset" 679
"D:/WholeBackUp/School/AppsWProjects/Unreal Engine 4/Projects/Sandbox/Content/StarterContent/Props/Materials/M_StatueGlass.uasset" 680
"D:/WholeBackUp/School/AppsWProjects/Unreal Engine 4/Projects/Sandbox/Content/StarterContent/Props/SM_Statue.uasset" 681
"D:/WholeBackUp/School/AppsWProjects/Unreal Engine 4/Projects/Sandbox/Content/StarterContent/Props/SM_Chair.uasset" 682
"D:/WholeBackUp/School/AppsWProjects/Unreal Engine 4/Projects/Sandbox/Content/StarterContent/Textures/T_MacroVariation.uasset" 683
"D:/WholeBackUp/School/AppsWProjects/Unreal Engine 4/Projects/Sandbox/Content/StarterContent/Textures/T_Metal_Copper_D.uasset" 684
"D:/WholeBackUp/School/AppsWProjects/Unreal Engine 4/Projects/Sandbox/Content/StarterContent/Textures/T_Metal_Gold_N.uasset" 685
"D:/WholeBackUp/School/AppsWProjects/Unreal Engine 4/Projects/Sandbox/Content/StarterContent/Materials/M_Metal_Copper.uasset" 686
"D:/WholeBackUp/School/AppsWProjects/Unreal Engine 4/Projects/Sandbox/Content/StarterContent/Textures/T_Metal_Aluminum_D.uasset" 687
"D:/WholeBackUp/School/AppsWProjects/Unreal Engine 4/Projects/Sandbox/Content/StarterContent/Materials/M_Metal_Burnished_Steel.uasset" 688
"D:/WholeBackUp/School/AppsWProjects/Unreal Engine 4/Projects/Sandbox/Content/StarterContent/Materials/M_Metal_Brushed_Nickel.uasset" 689
"D:/WholeBackUp/School/AppsWProjects/Unreal Engine 4/Projects/Sandbox/Content/StarterContent/Maps/Minimal_Default_BuiltData.uasset" 690
"D:/WholeBackUp/School/AppsWProjects/Unreal Engine 4/Projects/Sandbox/Content/StarterContent/Audio/Starter_Background_Cue.uasset" 691
"D:/WholeBackUp/School/AppsWProjects/Unreal Engine 4/Projects/Sandbox/Content/StarterContent/Maps/Minimal_Default.umap" 692
"D:/WholeBackUp/School/AppsWProjects/Unreal Engine 4/Projects/Sandbox/Content/StarterContent/Shapes/Shape_Sphere.uasset" 693
"D:/WholeBackUp/School/AppsWProjects/Unreal Engine 4/Projects/Sandbox/Content/StarterContent/Shapes/Shape_QuadPyramid.uasset" 694
"D:/WholeBackUp/School/AppsWProjects/Unreal Engine 4/Projects/Sandbox/Content/StarterContent/Shapes/Shape_Cube.uasset" 695
"D:/WholeBackUp/School/AppsWProjects/Unreal Engine 4/Projects/Sandbox/Content/StarterContent/Textures/T_Frame_N.uasset" 696
"D:/WholeBackUp/School/AppsWProjects/Unreal Engine 4/Projects/Sandbox/Content/StarterContent/Textures/T_Frame_M.uasset" 697
"D:/WholeBackUp/School/AppsWProjects/Unreal Engine 4/Projects/Sandbox/Content/StarterContent/Props/Materials/M_Frame.uasset" 698
"D:/WholeBackUp/School/AppsWProjects/Unreal Engine 4/Projects/Sandbox/Content/StarterContent/Props/SM_WindowFrame.uasset" 699
"D:/WholeBackUp/School/AppsWProjects/Unreal Engine 4/Projects/Sandbox/Content/StarterContent/Props/SM_PillarFrame300.uasset" 700
"D:/WholeBackUp/School/AppsWProjects/Unreal Engine 4/Projects/Sandbox/Content/StarterContent/Props/SM_PillarFrame.uasset" 701
"D:/WholeBackUp/School/AppsWProjects/Unreal Engine 4/Projects/Sandbox/Content/StarterContent/Props/SM_GlassWindow.uasset" 702
"D:/WholeBackUp/School/AppsWProjects/Unreal Engine 4/Projects/Sandbox/Content/StarterContent/Props/SM_DoorFrame.uasset" 703
"D:/WholeBackUp/School/AppsWProjects/Unreal Engine 4/Projects/Sandbox/Content/StarterContent/Props/SM_CornerFrame.uasset" 704
"D:/WholeBackUp/School/AppsWProjects/Unreal Engine 4/Projects/Sandbox/Content/StarterContent/Props/MaterialSphere.uasset" 705
"D:/WholeBackUp/School/AppsWProjects/Unreal Engine 4/Projects/Sandbox/Content/StarterContent/Textures/T_Dust_Particle_D.uasset" 706
"D:/WholeBackUp/School/AppsWProjects/Unreal Engine 4/Projects/Sandbox/Content/StarterContent/Particles/Materials/M_Dust_Particle.uasset" 707
"D:/WholeBackUp/School/AppsWProjects/Unreal Engine 4/Projects/Sandbox/Content/StarterContent/Particles/P_Ambient_Dust.uasset" 708
"D:/WholeBackUp/School/AppsWProjects/Unreal Engine 4/Projects/Sandbox/Content/StarterContent/Textures/T_Wood_Walnut_N.uasset" 709
"D:/WholeBackUp/School/AppsWProjects/Unreal Engine 4/Projects/Sandbox/Content/StarterContent/Textures/T_Wood_Walnut_D.uasset" 710
"D:/WholeBackUp/School/AppsWProjects/Unreal Engine 4/Projects/Sandbox/Content/StarterContent/Materials/M_Wood_Walnut.uasset" 711
"D:/WholeBackUp/School/AppsWProjects/Unreal Engine 4/Projects/Sandbox/Content/StarterContent/Textures/T_Perlin_Noise_M.uasset" 712
"D:/WholeBackUp/School/AppsWProjects/Unreal Engine 4/Projects/Sandbox/Content/StarterContent/Textures/T_Wood_Pine_N.uasset" 713
"D:/WholeBackUp/School/AppsWProjects/Unreal Engine 4/Projects/Sandbox/Content/StarterContent/Textures/T_Wood_Pine_D.uasset" 714
"D:/WholeBackUp/School/AppsWProjects/Unreal Engine 4/Projects/Sandbox/Content/StarterContent/Materials/M_Wood_Pine.uasset" 715
"D:/WholeBackUp/School/AppsWProjects/Unreal Engine 4/Projects/Sandbox/Content/StarterContent/Textures/T_Wood_Oak_N.uasset" 716
"D:/WholeBackUp/School/AppsWProjects/Unreal Engine 4/Projects/Sandbox/Content/StarterContent/Textures/T_Wood_Oak_D.uasset" 717
"D:/WholeBackUp/School/AppsWProjects/Unreal Engine 4/Projects/Sandbox/Content/StarterContent/Materials/M_Wood_Oak.uasset" 718
"../../../Engine/Content/Functions/Engine_MaterialFunctions01/Opacity/AlphaOffset.uasset" 719
"D:/WholeBackUp/School/AppsWProjects/Unreal Engine 4/Projects/Sandbox/Content/StarterContent/Textures/T_Wood_Floor_Walnut_N.uasset" 720
"D:/WholeBackUp/School/AppsWProjects/Unreal Engine 4/Projects/Sandbox/Content/StarterContent/Textures/T_Wood_Floor_Walnut_M.uasset" 721
"D:/WholeBackUp/School/AppsWProjects/Unreal Engine 4/Projects/Sandbox/Content/StarterContent/Textures/T_Wood_Floor_Walnut_D.uasset" 722
"D:/WholeBackUp/School/AppsWProjects/Unreal Engine 4/Projects/Sandbox/Content/StarterContent/Materials/M_Wood_Floor_Walnut_Worn.uasset" 723
"D:/WholeBackUp/School/AppsWProjects/Unreal Engine 4/Projects/Sandbox/Content/StarterContent/Materials/M_Wood_Floor_Walnut_Polished.uasset" 724
"D:/WholeBackUp/School/AppsWProjects/Unreal Engine 4/Projects/Sandbox/Content/StarterContent/Textures/T_Water_M.uasset" 725
"D:/WholeBackUp/School/AppsWProjects/Unreal Engine 4/Projects/Sandbox/Content/StarterContent/Materials/M_Water_Ocean.uasset" 726
"D:/WholeBackUp/School/AppsWProjects/Unreal Engine 4/Projects/Sandbox/Content/StarterContent/Materials/M_Water_Lake.uasset" 727
"D:/WholeBackUp/School/AppsWProjects/Unreal Engine 4/Projects/Sandbox/Content/StarterContent/Textures/T_Tech_Panel_N.uasset" 728
"D:/WholeBackUp/School/AppsWProjects/Unreal Engine 4/Projects/Sandbox/Content/StarterContent/Textures/T_Tech_Panel_M.uasset" 729
"D:/WholeBackUp/School/AppsWProjects/Unreal Engine 4/Projects/Sandbox/Content/StarterContent/Textures/T_Metal_Steel_D.uasset" 730
"D:/WholeBackUp/School/AppsWProjects/Unreal Engine 4/Projects/Sandbox/Content/StarterContent/Materials/M_Tech_Panel.uasset" 731
"D:/WholeBackUp/School/AppsWProjects/Unreal Engine 4/Projects/Sandbox/Content/StarterContent/Textures/T_Tech_Hex_Tile_N.uasset" 732
"D:/WholeBackUp/School/AppsWProjects/Unreal Engine 4/Projects/Sandbox/Content/StarterContent/Textures/T_Tech_Hex_Tile_M.uasset" 733
"D:/WholeBackUp/School/AppsWProjects/Unreal Engine 4/Projects/Sandbox/Content/StarterContent/Materials/M_Tech_Hex_Tile_Pulse.uasset" 734
"D:/WholeBackUp/School/AppsWProjects/Unreal Engine 4/Projects/Sandbox/Content/StarterContent/Materials/M_Tech_Hex_Tile.uasset" 735
"D:/WholeBackUp/School/AppsWProjects/Unreal Engine 4/Projects/Sandbox/Content/StarterContent/Textures/T_Tech_Dot_N.uasset" 736
"D:/WholeBackUp/School/AppsWProjects/Unreal Engine 4/Projects/Sandbox/Content/StarterContent/Textures/T_Tech_Dot_M.uasset" 737
"D:/WholeBackUp/School/AppsWProjects/Unreal Engine 4/Projects/Sandbox/Content/StarterContent/Textures/T_Single_Tile_N.uasset" 738
"D:/WholeBackUp/School/AppsWProjects/Unreal Engine 4/Projects/Sandbox/Content/StarterContent/Textures/T_Checker_Noise_M.uasset" 739
"D:/WholeBackUp/School/AppsWProjects/Unreal Engine 4/Projects/Sandbox/Content/StarterContent/Materials/M_Tech_Checker_Dot.uasset" 740
"D:/WholeBackUp/School/AppsWProjects/Unreal Engine 4/Projects/Sandbox/Content/StarterContent/Textures/T_Rock_Slate_N.uasset" 741
"D:/WholeBackUp/School/AppsWProjects/Unreal Engine 4/Projects/Sandbox/Content/StarterContent/Textures/T_Rock_Slate_D.uasset" 742
"D:/WholeBackUp/School/AppsWProjects/Unreal Engine 4/Projects/Sandbox/Content/StarterContent/Materials/M_Rock_Slate.uasset" 743
"D:/WholeBackUp/School/AppsWProjects/Unreal Engine 4/Projects/Sandbox/Content/StarterContent/Textures/T_Rock_Sandstone_N.uasset" 744
"D:/WholeBackUp/School/AppsWProjects/Unreal Engine 4/Projects/Sandbox/Content/StarterContent/Textures/T_Rock_Sandstone_D.uasset" 745
"D:/WholeBackUp/School/AppsWProjects/Unreal Engine 4/Projects/Sandbox/Content/StarterContent/Materials/M_Rock_Sandstone.uasset" 746
"D:/WholeBackUp/School/AppsWProjects/Unreal Engine 4/Projects/Sandbox/Content/StarterContent/Textures/T_Rock_Marble_Polished_D.uasset" 747
"D:/WholeBackUp/School/AppsWProjects/Unreal Engine 4/Projects/Sandbox/Content/StarterContent/Materials/M_Rock_Marble_Polished.uasset" 748
"D:/WholeBackUp/School/AppsWProjects/Unreal Engine 4/Projects/Sandbox/Content/StarterContent/Textures/T_Rock_Basalt_N.uasset" 749
"D:/WholeBackUp/School/AppsWProjects/Unreal Engine 4/Projects/Sandbox/Content/StarterContent/Materials/M_Rock_Basalt.uasset" 750
"D:/WholeBackUp/School/AppsWProjects/Unreal Engine 4/Projects/Sandbox/Content/StarterContent/Textures/T_Metal_Steel_N.uasset" 751
"D:/WholeBackUp/School/AppsWProjects/Unreal Engine 4/Projects/Sandbox/Content/StarterContent/Materials/M_Metal_Steel.uasset" 752
"D:/WholeBackUp/School/AppsWProjects/Unreal Engine 4/Projects/Sandbox/Content/StarterContent/Textures/T_Metal_Rust_D.uasset" 753
"D:/WholeBackUp/School/AppsWProjects/Unreal Engine 4/Projects/Sandbox/Content/StarterContent/Textures/T_Metal_Rust_N.uasset" 754
"D:/WholeBackUp/School/AppsWProjects/Unreal Engine 4/Projects/Sandbox/Content/StarterContent/Materials/M_Metal_Rust.uasset" 755
"D:/WholeBackUp/School/AppsWProjects/Unreal Engine 4/Projects/Sandbox/Content/StarterContent/Textures/T_Metal_Gold_D.uasset" 756
"D:/WholeBackUp/School/AppsWProjects/Unreal Engine 4/Projects/Sandbox/Content/StarterContent/Materials/M_Metal_Gold.uasset" 757
"D:/WholeBackUp/School/AppsWProjects/Unreal Engine 4/Projects/Sandbox/Content/StarterContent/Materials/M_Metal_Chrome.uasset" 758
"D:/WholeBackUp/School/AppsWProjects/Unreal Engine 4/Projects/Sandbox/Content/StarterContent/Textures/T_Ground_Moss_N.uasset" 759
"D:/WholeBackUp/School/AppsWProjects/Unreal Engine 4/Projects/Sandbox/Content/StarterContent/Textures/T_ground_Moss_D.uasset" 760
"D:/WholeBackUp/School/AppsWProjects/Unreal Engine 4/Projects/Sandbox/Content/StarterContent/Materials/M_Ground_Moss.uasset" 761
"D:/WholeBackUp/School/AppsWProjects/Unreal Engine 4/Projects/Sandbox/Content/StarterContent/Textures/T_Ground_Gravel_N.uasset" 762
"D:/WholeBackUp/School/AppsWProjects/Unreal Engine 4/Projects/Sandbox/Content/StarterContent/Textures/T_Ground_Gravel_D.uasset" 763
"D:/WholeBackUp/School/AppsWProjects/Unreal Engine 4/Projects/Sandbox/Content/StarterContent/Materials/M_Ground_Gravel.uasset" 764
"D:/WholeBackUp/School/AppsWProjects/Unreal Engine 4/Projects/Sandbox/Content/StarterContent/Textures/T_Ground_Grass_N.uasset" 765
"D:/WholeBackUp/School/AppsWProjects/Unreal Engine 4/Projects/Sandbox/Content/StarterContent/Textures/T_Ground_Grass_D.uasset" 766
"D:/WholeBackUp/School/AppsWProjects/Unreal Engine 4/Projects/Sandbox/Content/StarterContent/Materials/M_Ground_Grass.uasset" 767
"D:/WholeBackUp/School/AppsWProjects/Unreal Engine 4/Projects/Sandbox/Content/StarterContent/Textures/T_Concrete_Tiles_Variation_M.uasset" 768
"D:/WholeBackUp/School/AppsWProjects/Unreal Engine 4/Projects/Sandbox/Content/StarterContent/Textures/T_Concrete_Tiles_N.uasset" 769
"D:/WholeBackUp/School/AppsWProjects/Unreal Engine 4/Projects/Sandbox/Content/StarterContent/Textures/T_Concrete_Tiles_M.uasset" 770
"D:/WholeBackUp/School/AppsWProjects/Unreal Engine 4/Projects/Sandbox/Content/StarterContent/Textures/T_Concrete_Tiles_D.uasset" 771
"D:/WholeBackUp/School/AppsWProjects/Unreal Engine 4/Projects/Sandbox/Content/StarterContent/Materials/M_Concrete_Tiles.uasset" 772
"D:/WholeBackUp/School/AppsWProjects/Unreal Engine 4/Projects/Sandbox/Content/StarterContent/Textures/T_Concrete_Panels_N.uasset" 773
"D:/WholeBackUp/School/AppsWProjects/Unreal Engine 4/Projects/Sandbox/Content/StarterContent/Textures/T_Concrete_Panels_D.uasset" 774
"D:/WholeBackUp/School/AppsWProjects/Unreal Engine 4/Projects/Sandbox/Content/StarterContent/Materials/M_Concrete_Panels.uasset" 775
"D:/WholeBackUp/School/AppsWProjects/Unreal Engine 4/Projects/Sandbox/Content/StarterContent/Textures/T_Concrete_Grime_D.uasset" 776
"D:/WholeBackUp/School/AppsWProjects/Unreal Engine 4/Projects/Sandbox/Content/StarterContent/Materials/M_Concrete_Grime.uasset" 777
"D:/WholeBackUp/School/AppsWProjects/Unreal Engine 4/Projects/Sandbox/Content/StarterContent/Textures/T_CobbleStone_Smooth_N.uasset" 778
"D:/WholeBackUp/School/AppsWProjects/Unreal Engine 4/Projects/Sandbox/Content/StarterContent/Textures/T_CobbleStone_Smooth_M.uasset" 779
"D:/WholeBackUp/School/AppsWProjects/Unreal Engine 4/Projects/Sandbox/Content/StarterContent/Textures/T_CobbleStone_Smooth_D.uasset" 780
"D:/WholeBackUp/School/AppsWProjects/Unreal Engine 4/Projects/Sandbox/Content/StarterContent/Textures/T_Rock_Smooth_Granite_D.uasset" 781
"D:/WholeBackUp/School/AppsWProjects/Unreal Engine 4/Projects/Sandbox/Content/StarterContent/Textures/T_Gradinet_01.uasset" 782
"D:/WholeBackUp/School/AppsWProjects/Unreal Engine 4/Projects/Sandbox/Content/StarterContent/Materials/M_CobbleStone_Smooth.uasset" 783
"D:/WholeBackUp/School/AppsWProjects/Unreal Engine 4/Projects/Sandbox/Content/StarterContent/Textures/T_CobbleStone_Rough_N.uasset" 784
"D:/WholeBackUp/School/AppsWProjects/Unreal Engine 4/Projects/Sandbox/Content/StarterContent/Textures/T_CobbleStone_Rough_D.uasset" 785
"D:/WholeBackUp/School/AppsWProjects/Unreal Engine 4/Projects/Sandbox/Content/StarterContent/Materials/M_CobbleStone_Rough.uasset" 786
"D:/WholeBackUp/School/AppsWProjects/Unreal Engine 4/Projects/Sandbox/Content/StarterContent/Textures/T_CobbleStone_Pebble_N.uasset" 787
"D:/WholeBackUp/School/AppsWProjects/Unreal Engine 4/Projects/Sandbox/Content/StarterContent/Textures/T_CobbleStone_Pebble_M.uasset" 788
"D:/WholeBackUp/School/AppsWProjects/Unreal Engine 4/Projects/Sandbox/Content/StarterContent/Textures/T_CobbleStone_Pebble_D.uasset" 789
"D:/WholeBackUp/School/AppsWProjects/Unreal Engine 4/Projects/Sandbox/Content/StarterContent/Materials/M_CobbleStone_Pebble.uasset" 790
"D:/WholeBackUp/School/AppsWProjects/Unreal Engine 4/Projects/Sandbox/Content/StarterContent/Textures/T_Ceramic_Tile_N.uasset" 791
"D:/WholeBackUp/School/AppsWProjects/Unreal Engine 4/Projects/Sandbox/Content/StarterContent/Textures/T_Ceramic_Tile_M.uasset" 792
"D:/WholeBackUp/School/AppsWProjects/Unreal Engine 4/Projects/Sandbox/Content/StarterContent/Materials/M_Ceramic_Tile_Checker.uasset" 793
"D:/WholeBackUp/School/AppsWProjects/Unreal Engine 4/Projects/Sandbox/Content/StarterContent/Textures/T_Brick_Hewn_Stone_N.uasset" 794
"D:/WholeBackUp/School/AppsWProjects/Unreal Engine 4/Projects/Sandbox/Content/StarterContent/Textures/T_Brick_Hewn_Stone_M.uasset" 795
"D:/WholeBackUp/School/AppsWProjects/Unreal Engine 4/Projects/Sandbox/Content/StarterContent/Textures/T_Brick_Hewn_Stone_D.uasset" 796
"D:/WholeBackUp/School/AppsWProjects/Unreal Engine 4/Projects/Sandbox/Content/StarterContent/Materials/M_Brick_Hewn_Stone.uasset" 797
"D:/WholeBackUp/School/AppsWProjects/Unreal Engine 4/Projects/Sandbox/Content/StarterContent/Textures/T_Brick_Cut_Stone_N.uasset" 798
"D:/WholeBackUp/School/AppsWProjects/Unreal Engine 4/Projects/Sandbox/Content/StarterContent/Textures/T_Brick_Cut_Stone_D.uasset" 799
"D:/WholeBackUp/School/AppsWProjects/Unreal Engine 4/Projects/Sandbox/Content/StarterContent/Materials/M_Brick_Cut_Stone.uasset" 800
"D:/WholeBackUp/School/AppsWProjects/Unreal Engine 4/Projects/Sandbox/Content/StarterContent/Textures/T_Brick_Clay_Old_N.uasset" 801
"D:/WholeBackUp/School/AppsWProjects/Unreal Engine 4/Projects/Sandbox/Content/StarterContent/Textures/T_Brick_Clay_Old_D.uasset" 802
"D:/WholeBackUp/School/AppsWProjects/Unreal Engine 4/Projects/Sandbox/Content/StarterContent/Materials/M_Brick_Clay_Old.uasset" 803
"D:/WholeBackUp/School/AppsWProjects/Unreal Engine 4/Projects/Sandbox/Content/StarterContent/Textures/T_Brick_Clay_New_N.uasset" 804
"D:/WholeBackUp/School/AppsWProjects/Unreal Engine 4/Projects/Sandbox/Content/StarterContent/Textures/T_Brick_Clay_New_M.uasset" 805
"D:/WholeBackUp/School/AppsWProjects/Unreal Engine 4/Projects/Sandbox/Content/StarterContent/Textures/T_Brick_Clay_New_D.uasset" 806
"D:/WholeBackUp/School/AppsWProjects/Unreal Engine 4/Projects/Sandbox/Content/StarterContent/Materials/M_Brick_Clay_New.uasset" 807
"D:/WholeBackUp/School/AppsWProjects/Unreal Engine 4/Projects/Sandbox/Content/StarterContent/Textures/T_Brick_Clay_Beveled_N.uasset" 808
"D:/WholeBackUp/School/AppsWProjects/Unreal Engine 4/Projects/Sandbox/Content/StarterContent/Textures/T_Brick_Clay_Beveled_M.uasset" 809
"D:/WholeBackUp/School/AppsWProjects/Unreal Engine 4/Projects/Sandbox/Content/StarterContent/Textures/T_Brick_Clay_Beveled_D.uasset" 810
"D:/WholeBackUp/School/AppsWProjects/Unreal Engine 4/Projects/Sandbox/Content/StarterContent/Materials/M_Brick_Clay_Beveled.uasset" 811
"D:/WholeBackUp/School/AppsWProjects/Unreal Engine 4/Projects/Sandbox/Content/StarterContent/Maps/StarterMap_BuiltData.uasset" 812
"D:/WholeBackUp/School/AppsWProjects/Unreal Engine 4/Projects/Sandbox/Content/StarterContent/Textures/T_Concrete_Poured_N.uasset" 813
"D:/WholeBackUp/School/AppsWProjects/Unreal Engine 4/Projects/Sandbox/Content/StarterContent/Textures/T_Concrete_Poured_D.uasset" 814
"D:/WholeBackUp/School/AppsWProjects/Unreal Engine 4/Projects/Sandbox/Content/StarterContent/Materials/M_Concrete_Poured.uasset" 815
"D:/WholeBackUp/School/AppsWProjects/Unreal Engine 4/Projects/Sandbox/Content/StarterContent/Blueprints/Blueprint_WallSconce.uasset" 816
"D:/WholeBackUp/School/AppsWProjects/Unreal Engine 4/Projects/Sandbox/Content/StarterContent/Particles/P_Steam_Lit.uasset" 817
"D:/WholeBackUp/School/AppsWProjects/Unreal Engine 4/Projects/Sandbox/Content/StarterContent/Audio/Steam01_Cue.uasset" 818
"D:/WholeBackUp/School/AppsWProjects/Unreal Engine 4/Projects/Sandbox/Content/StarterContent/Blueprints/Blueprint_Effect_Steam.uasset" 819
"D:/WholeBackUp/School/AppsWProjects/Unreal Engine 4/Projects/Sandbox/Content/StarterContent/Audio/Collapse_Cue.uasset" 820
"D:/WholeBackUp/School/AppsWProjects/Unreal Engine 4/Projects/Sandbox/Content/StarterContent/Architecture/Wall_Window_400x300.uasset" 821
"D:/WholeBackUp/School/AppsWProjects/Unreal Engine 4/Projects/Sandbox/Content/StarterContent/Architecture/Wall_Door_400x300.uasset" 822
"D:/WholeBackUp/School/AppsWProjects/Unreal Engine 4/Projects/Sandbox/Content/StarterContent/Architecture/Wall_400x200.uasset" 823
"D:/WholeBackUp/School/AppsWProjects/Unreal Engine 4/Projects/Sandbox/Content/StarterContent/Audio/Fire_Sparks01_Cue.uasset" 824
"D:/WholeBackUp/School/AppsWProjects/Unreal Engine 4/Projects/Sandbox/Content/StarterContent/Textures/T_Spark_Core.uasset" 825
"D:/WholeBackUp/School/AppsWProjects/Unreal Engine 4/Projects/Sandbox/Content/StarterContent/Particles/Materials/M_Spark.uasset" 826
"D:/WholeBackUp/School/AppsWProjects/Unreal Engine 4/Projects/Sandbox/Content/StarterContent/Particles/P_Sparks.uasset" 827
"D:/WholeBackUp/School/AppsWProjects/Unreal Engine 4/Projects/Sandbox/Content/StarterContent/Blueprints/Blueprint_Effect_Sparks.uasset" 828
"D:/WholeBackUp/School/AppsWProjects/Unreal Engine 4/Projects/Sandbox/Content/StarterContent/Particles/P_Smoke.uasset" 829
"D:/WholeBackUp/School/AppsWProjects/Unreal Engine 4/Projects/Sandbox/Content/StarterContent/Audio/Smoke01_Cue.uasset" 830
"D:/WholeBackUp/School/AppsWProjects/Unreal Engine 4/Projects/Sandbox/Content/StarterContent/Blueprints/Blueprint_Effect_Smoke.uasset" 831
"D:/WholeBackUp/School/AppsWProjects/Unreal Engine 4/Projects/Sandbox/Content/StarterContent/Audio/Fire01_Cue.uasset" 832
"D:/WholeBackUp/School/AppsWProjects/Unreal Engine 4/Projects/Sandbox/Content/StarterContent/Blueprints/Blueprint_Effect_Fire.uasset" 833
"D:/WholeBackUp/School/AppsWProjects/Unreal Engine 4/Projects/Sandbox/Content/StarterContent/Props/SM_Lamp_Ceiling.uasset" 834
"D:/WholeBackUp/School/AppsWProjects/Unreal Engine 4/Projects/Sandbox/Content/StarterContent/Blueprints/Blueprint_CeilingLight.uasset" 835
"D:/WholeBackUp/School/AppsWProjects/Unreal Engine 4/Projects/Sandbox/Content/StarterContent/Audio/Starter_Music_Cue.uasset" 836
"D:/WholeBackUp/School/AppsWProjects/Unreal Engine 4/Projects/Sandbox/Content/StarterContent/Maps/StarterMap.umap" 837
"../../../Engine/Content/Maps/Entry_BuiltData.uasset" 838
"../../../Engine/Content/Maps/Entry.umap" 839
